<?xml version="1.0" encoding="UTF-8"?>
<coverage generated="1780229497024" clover="3.2.0">
  <project timestamp="1780229497024" name="All files">
    <metrics statements="586" coveredstatements="577" conditionals="270" coveredconditionals="208" methods="29" coveredmethods="29" elements="885" coveredelements="814" complexity="0" loc="586" ncloc="586" packages="1" files="4" classes="4"/>
    <file name="build-service-rows.ts" path="C:\Users\zeeit\OneDrive\Desktop\kursovaya\modules\landing\lib\cms\build-service-rows.ts">
      <metrics statements="45" coveredstatements="45" conditionals="27" coveredconditionals="23" methods="4" coveredmethods="4"/>
      <line num="18" count="1" type="cond" truecount="1" falsecount="0"/>
      <line num="19" count="10" type="cond" truecount="1" falsecount="0"/>
      <line num="20" count="12" type="cond" truecount="1" falsecount="1"/>
      <line num="21" count="12" type="cond" truecount="0" falsecount="1"/>
      <line num="22" count="12" type="stmt"/>
      <line num="23" count="12" type="stmt"/>
      <line num="24" count="12" type="cond" truecount="1" falsecount="0"/>
      <line num="25" count="12" type="cond" truecount="0" falsecount="1"/>
      <line num="26" count="12" type="stmt"/>
      <line num="27" count="12" type="stmt"/>
      <line num="28" count="12" type="cond" truecount="0" falsecount="1"/>
      <line num="29" count="12" type="stmt"/>
      <line num="30" count="12" type="stmt"/>
      <line num="31" count="10" type="stmt"/>
      <line num="32" count="10" type="stmt"/>
      <line num="35" count="1" type="cond" truecount="1" falsecount="0"/>
      <line num="36" count="2" type="stmt"/>
      <line num="37" count="2" type="stmt"/>
      <line num="38" count="2" type="stmt"/>
      <line num="39" count="2" type="cond" truecount="1" falsecount="0"/>
      <line num="40" count="2" type="cond" truecount="1" falsecount="0"/>
      <line num="41" count="1" type="cond" truecount="1" falsecount="0"/>
      <line num="42" count="1" type="stmt"/>
      <line num="43" count="1" type="cond" truecount="1" falsecount="0"/>
      <line num="44" count="1" type="cond" truecount="1" falsecount="0"/>
      <line num="45" count="1" type="cond" truecount="1" falsecount="0"/>
      <line num="46" count="1" type="stmt"/>
      <line num="48" count="12" type="cond" truecount="1" falsecount="0"/>
      <line num="49" count="12" type="cond" truecount="4" falsecount="0"/>
      <line num="50" count="12" type="cond" truecount="2" falsecount="0"/>
      <line num="51" count="12" type="cond" truecount="1" falsecount="0"/>
      <line num="52" count="10" type="stmt"/>
      <line num="53" count="10" type="stmt"/>
      <line num="54" count="10" type="stmt"/>
      <line num="55" count="10" type="stmt"/>
      <line num="56" count="10" type="stmt"/>
      <line num="57" count="10" type="cond" truecount="1" falsecount="0"/>
      <line num="58" count="1" type="stmt"/>
      <line num="59" count="1" type="stmt"/>
      <line num="61" count="12" type="cond" truecount="1" falsecount="0"/>
      <line num="62" count="12" type="cond" truecount="1" falsecount="0"/>
      <line num="63" count="1" type="stmt"/>
      <line num="64" count="1" type="cond" truecount="1" falsecount="0"/>
      <line num="65" count="11" type="stmt"/>
      <line num="66" count="11" type="stmt"/>
    </file>
    <file name="directus.ts" path="C:\Users\zeeit\OneDrive\Desktop\kursovaya\modules\landing\lib\cms\directus.ts">
      <metrics statements="295" coveredstatements="289" conditionals="100" coveredconditionals="72" methods="13" coveredmethods="13"/>
      <line num="6" count="1" type="stmt"/>
      <line num="7" count="1" type="stmt"/>
      <line num="8" count="1" type="stmt"/>
      <line num="9" count="1" type="stmt"/>
      <line num="22" count="8" type="cond" truecount="1" falsecount="0"/>
      <line num="23" count="8" type="stmt"/>
      <line num="24" count="8" type="cond" truecount="0" falsecount="1"/>
      <line num="25" count="0" type="stmt"/>
      <line num="27" count="8" type="stmt"/>
      <line num="29" count="43" type="cond" truecount="1" falsecount="0"/>
      <line num="30" count="43" type="stmt"/>
      <line num="31" count="43" type="cond" truecount="0" falsecount="1"/>
      <line num="32" count="0" type="stmt"/>
      <line num="34" count="43" type="stmt"/>
      <line num="36" count="43" type="cond" truecount="1" falsecount="0"/>
      <line num="37" count="43" type="cond" truecount="1" falsecount="0"/>
      <line num="38" count="43" type="stmt"/>
      <line num="43" count="43" type="cond" truecount="1" falsecount="0"/>
      <line num="44" count="43" type="stmt"/>
      <line num="45" count="43" type="stmt"/>
      <line num="46" count="43" type="stmt"/>
      <line num="47" count="43" type="cond" truecount="2" falsecount="0"/>
      <line num="48" count="43" type="stmt"/>
      <line num="50" count="7" type="cond" truecount="1" falsecount="0"/>
      <line num="51" count="7" type="cond" truecount="0" falsecount="1"/>
      <line num="52" count="0" type="stmt"/>
      <line num="53" count="0" type="stmt"/>
      <line num="54" count="0" type="stmt"/>
      <line num="55" count="7" type="cond" truecount="0" falsecount="2"/>
      <line num="56" count="7" type="stmt"/>
      <line num="57" count="7" type="stmt"/>
      <line num="58" count="7" type="stmt"/>
      <line num="60" count="12" type="cond" truecount="1" falsecount="0"/>
      <line num="61" count="12" type="stmt"/>
      <line num="62" count="12" type="stmt"/>
      <line num="63" count="12" type="stmt"/>
      <line num="64" count="12" type="stmt"/>
      <line num="65" count="12" type="stmt"/>
      <line num="66" count="12" type="stmt"/>
      <line num="67" count="12" type="stmt"/>
      <line num="68" count="12" type="cond" truecount="1" falsecount="0"/>
      <line num="69" count="12" type="cond" truecount="1" falsecount="1"/>
      <line num="70" count="12" type="cond" truecount="1" falsecount="0"/>
      <line num="71" count="1" type="stmt"/>
      <line num="72" count="1" type="stmt"/>
      <line num="73" count="1" type="stmt"/>
      <line num="74" count="12" type="stmt"/>
      <line num="76" count="1" type="stmt"/>
      <line num="77" count="1" type="cond" truecount="1" falsecount="0"/>
      <line num="78" count="12" type="stmt"/>
      <line num="79" count="1" type="stmt"/>
      <line num="80" count="1" type="stmt"/>
      <line num="81" count="1" type="stmt"/>
      <line num="83" count="9" type="cond" truecount="1" falsecount="0"/>
      <line num="84" count="9" type="stmt"/>
      <line num="85" count="9" type="stmt"/>
      <line num="86" count="9" type="stmt"/>
      <line num="87" count="9" type="stmt"/>
      <line num="88" count="9" type="cond" truecount="2" falsecount="0"/>
      <line num="89" count="8" type="stmt"/>
      <line num="90" count="8" type="stmt"/>
      <line num="91" count="8" type="stmt"/>
      <line num="92" count="8" type="stmt"/>
      <line num="93" count="8" type="stmt"/>
      <line num="94" count="8" type="stmt"/>
      <line num="95" count="8" type="stmt"/>
      <line num="96" count="8" type="cond" truecount="1" falsecount="0"/>
      <line num="97" count="9" type="cond" truecount="1" falsecount="1"/>
      <line num="98" count="7" type="stmt"/>
      <line num="99" count="7" type="stmt"/>
      <line num="100" count="7" type="stmt"/>
      <line num="101" count="7" type="cond" truecount="0" falsecount="1"/>
      <line num="102" count="0" type="stmt"/>
      <line num="103" count="7" type="cond" truecount="0" falsecount="1"/>
      <line num="104" count="7" type="stmt"/>
      <line num="105" count="7" type="stmt"/>
      <line num="106" count="7" type="stmt"/>
      <line num="107" count="7" type="stmt"/>
      <line num="108" count="7" type="cond" truecount="1" falsecount="0"/>
      <line num="109" count="1" type="stmt"/>
      <line num="110" count="1" type="cond" truecount="1" falsecount="0"/>
      <line num="111" count="8" type="stmt"/>
      <line num="112" count="9" type="cond" truecount="1" falsecount="0"/>
      <line num="113" count="7" type="stmt"/>
      <line num="114" count="7" type="cond" truecount="1" falsecount="0"/>
      <line num="115" count="8" type="stmt"/>
      <line num="116" count="8" type="stmt"/>
      <line num="118" count="10" type="cond" truecount="1" falsecount="0"/>
      <line num="119" count="10" type="stmt"/>
      <line num="120" count="10" type="stmt"/>
      <line num="121" count="10" type="stmt"/>
      <line num="122" count="10" type="stmt"/>
      <line num="123" count="10" type="stmt"/>
      <line num="124" count="10" type="stmt"/>
      <line num="125" count="10" type="stmt"/>
      <line num="126" count="10" type="stmt"/>
      <line num="127" count="10" type="stmt"/>
      <line num="128" count="10" type="stmt"/>
      <line num="129" count="10" type="stmt"/>
      <line num="130" count="10" type="stmt"/>
      <line num="131" count="10" type="stmt"/>
      <line num="132" count="10" type="stmt"/>
      <line num="133" count="10" type="stmt"/>
      <line num="134" count="10" type="stmt"/>
      <line num="135" count="10" type="stmt"/>
      <line num="136" count="10" type="stmt"/>
      <line num="137" count="10" type="cond" truecount="1" falsecount="0"/>
      <line num="139" count="10" type="cond" truecount="1" falsecount="1"/>
      <line num="140" count="10" type="cond" truecount="1" falsecount="0"/>
      <line num="142" count="10" type="cond" truecount="1" falsecount="1"/>
      <line num="143" count="10" type="cond" truecount="1" falsecount="0"/>
      <line num="144" count="1" type="stmt"/>
      <line num="145" count="1" type="stmt"/>
      <line num="146" count="1" type="stmt"/>
      <line num="147" count="10" type="stmt"/>
      <line num="155" count="9" type="cond" truecount="1" falsecount="0"/>
      <line num="156" count="9" type="stmt"/>
      <line num="157" count="9" type="stmt"/>
      <line num="158" count="9" type="stmt"/>
      <line num="159" count="9" type="stmt"/>
      <line num="160" count="9" type="stmt"/>
      <line num="161" count="9" type="stmt"/>
      <line num="162" count="9" type="cond" truecount="1" falsecount="0"/>
      <line num="163" count="1" type="stmt"/>
      <line num="164" count="1" type="stmt"/>
      <line num="165" count="1" type="stmt"/>
      <line num="166" count="1" type="stmt"/>
      <line num="167" count="1" type="stmt"/>
      <line num="168" count="1" type="cond" truecount="1" falsecount="0"/>
      <line num="169" count="8" type="stmt"/>
      <line num="170" count="8" type="stmt"/>
      <line num="171" count="8" type="stmt"/>
      <line num="172" count="8" type="stmt"/>
      <line num="173" count="8" type="stmt"/>
      <line num="174" count="8" type="stmt"/>
      <line num="175" count="8" type="stmt"/>
      <line num="176" count="8" type="stmt"/>
      <line num="177" count="8" type="stmt"/>
      <line num="178" count="8" type="stmt"/>
      <line num="179" count="8" type="stmt"/>
      <line num="180" count="8" type="stmt"/>
      <line num="181" count="8" type="cond" truecount="1" falsecount="0"/>
      <line num="182" count="9" type="cond" truecount="1" falsecount="1"/>
      <line num="183" count="14" type="stmt"/>
      <line num="184" count="14" type="cond" truecount="0" falsecount="1"/>
      <line num="185" count="14" type="stmt"/>
      <line num="186" count="14" type="cond" truecount="2" falsecount="0"/>
      <line num="187" count="14" type="cond" truecount="0" falsecount="1"/>
      <line num="188" count="14" type="stmt"/>
      <line num="189" count="14" type="cond" truecount="0" falsecount="1"/>
      <line num="190" count="14" type="cond" truecount="0" falsecount="1"/>
      <line num="191" count="14" type="cond" truecount="1" falsecount="0"/>
      <line num="192" count="7" type="stmt"/>
      <line num="193" count="7" type="stmt"/>
      <line num="194" count="7" type="stmt"/>
      <line num="195" count="7" type="stmt"/>
      <line num="196" count="14" type="cond" truecount="1" falsecount="0"/>
      <line num="197" count="14" type="stmt"/>
      <line num="198" count="14" type="stmt"/>
      <line num="200" count="14" type="stmt"/>
      <line num="201" count="14" type="cond" truecount="1" falsecount="1"/>
      <line num="202" count="14" type="stmt"/>
      <line num="203" count="14" type="cond" truecount="1" falsecount="0"/>
      <line num="204" count="14" type="stmt"/>
      <line num="205" count="14" type="stmt"/>
      <line num="206" count="14" type="stmt"/>
      <line num="207" count="14" type="cond" truecount="1" falsecount="0"/>
      <line num="208" count="7" type="cond" truecount="1" falsecount="0"/>
      <line num="209" count="1" type="stmt"/>
      <line num="210" count="1" type="cond" truecount="1" falsecount="0"/>
      <line num="211" count="8" type="stmt"/>
      <line num="212" count="9" type="cond" truecount="1" falsecount="0"/>
      <line num="213" count="7" type="stmt"/>
      <line num="214" count="7" type="cond" truecount="1" falsecount="0"/>
      <line num="215" count="8" type="stmt"/>
      <line num="216" count="9" type="cond" truecount="1" falsecount="0"/>
      <line num="217" count="7" type="stmt"/>
      <line num="218" count="7" type="cond" truecount="1" falsecount="0"/>
      <line num="219" count="8" type="stmt"/>
      <line num="220" count="9" type="cond" truecount="1" falsecount="0"/>
      <line num="221" count="7" type="stmt"/>
      <line num="222" count="7" type="cond" truecount="1" falsecount="0"/>
      <line num="223" count="7" type="cond" truecount="1" falsecount="0"/>
      <line num="224" count="7" type="stmt"/>
      <line num="225" count="7" type="cond" truecount="1" falsecount="0"/>
      <line num="226" count="8" type="stmt"/>
      <line num="227" count="8" type="stmt"/>
      <line num="229" count="10" type="cond" truecount="1" falsecount="0"/>
      <line num="230" count="10" type="stmt"/>
      <line num="231" count="10" type="stmt"/>
      <line num="232" count="10" type="stmt"/>
      <line num="233" count="10" type="stmt"/>
      <line num="234" count="10" type="stmt"/>
      <line num="235" count="10" type="stmt"/>
      <line num="236" count="10" type="stmt"/>
      <line num="237" count="10" type="stmt"/>
      <line num="238" count="10" type="stmt"/>
      <line num="239" count="10" type="stmt"/>
      <line num="240" count="10" type="stmt"/>
      <line num="241" count="10" type="stmt"/>
      <line num="242" count="10" type="stmt"/>
      <line num="243" count="10" type="stmt"/>
      <line num="244" count="10" type="stmt"/>
      <line num="245" count="10" type="cond" truecount="1" falsecount="0"/>
      <line num="247" count="10" type="cond" truecount="1" falsecount="1"/>
      <line num="248" count="10" type="cond" truecount="1" falsecount="0"/>
      <line num="250" count="10" type="cond" truecount="1" falsecount="1"/>
      <line num="251" count="8" type="stmt"/>
      <line num="252" count="8" type="stmt"/>
      <line num="253" count="8" type="stmt"/>
      <line num="254" count="8" type="cond" truecount="0" falsecount="1"/>
      <line num="255" count="8" type="cond" truecount="0" falsecount="1"/>
      <line num="256" count="8" type="cond" truecount="0" falsecount="1"/>
      <line num="257" count="8" type="cond" truecount="0" falsecount="1"/>
      <line num="258" count="8" type="cond" truecount="0" falsecount="1"/>
      <line num="259" count="8" type="cond" truecount="0" falsecount="1"/>
      <line num="260" count="8" type="cond" truecount="1" falsecount="0"/>
      <line num="261" count="8" type="cond" truecount="1" falsecount="0"/>
      <line num="262" count="8" type="cond" truecount="1" falsecount="0"/>
      <line num="263" count="8" type="stmt"/>
      <line num="264" count="8" type="stmt"/>
      <line num="265" count="8" type="stmt"/>
      <line num="266" count="8" type="stmt"/>
      <line num="267" count="8" type="stmt"/>
      <line num="268" count="10" type="stmt"/>
      <line num="269" count="10" type="cond" truecount="1" falsecount="0"/>
      <line num="270" count="1" type="stmt"/>
      <line num="271" count="1" type="stmt"/>
      <line num="272" count="1" type="stmt"/>
      <line num="273" count="10" type="stmt"/>
      <line num="275" count="1" type="stmt"/>
      <line num="276" count="1" type="stmt"/>
      <line num="284" count="2" type="cond" truecount="1" falsecount="0"/>
      <line num="285" count="2" type="stmt"/>
      <line num="286" count="2" type="stmt"/>
      <line num="287" count="2" type="stmt"/>
      <line num="288" count="2" type="stmt"/>
      <line num="289" count="2" type="stmt"/>
      <line num="290" count="2" type="stmt"/>
      <line num="291" count="2" type="stmt"/>
      <line num="292" count="2" type="stmt"/>
      <line num="293" count="2" type="cond" truecount="1" falsecount="0"/>
      <line num="294" count="2" type="cond" truecount="0" falsecount="1"/>
      <line num="295" count="2" type="cond" truecount="1" falsecount="0"/>
      <line num="296" count="2" type="stmt"/>
      <line num="297" count="2" type="cond" truecount="0" falsecount="1"/>
      <line num="298" count="2" type="cond" truecount="2" falsecount="0"/>
      <line num="299" count="2" type="stmt"/>
      <line num="300" count="2" type="stmt"/>
      <line num="301" count="2" type="cond" truecount="1" falsecount="0"/>
      <line num="302" count="2" type="cond" truecount="1" falsecount="0"/>
      <line num="303" count="2" type="stmt"/>
      <line num="304" count="2" type="stmt"/>
      <line num="305" count="2" type="cond" truecount="1" falsecount="0"/>
      <line num="306" count="2" type="cond" truecount="1" falsecount="0"/>
      <line num="307" count="1" type="stmt"/>
      <line num="308" count="1" type="stmt"/>
      <line num="309" count="1" type="stmt"/>
      <line num="310" count="2" type="stmt"/>
      <line num="312" count="1" type="stmt"/>
      <line num="314" count="9" type="cond" truecount="1" falsecount="0"/>
      <line num="315" count="9" type="stmt"/>
      <line num="316" count="9" type="stmt"/>
      <line num="317" count="9" type="stmt"/>
      <line num="318" count="9" type="stmt"/>
      <line num="319" count="9" type="stmt"/>
      <line num="320" count="9" type="stmt"/>
      <line num="321" count="9" type="stmt"/>
      <line num="322" count="9" type="stmt"/>
      <line num="323" count="9" type="stmt"/>
      <line num="324" count="9" type="stmt"/>
      <line num="325" count="9" type="stmt"/>
      <line num="326" count="9" type="stmt"/>
      <line num="327" count="9" type="stmt"/>
      <line num="328" count="9" type="stmt"/>
      <line num="329" count="9" type="stmt"/>
      <line num="330" count="9" type="stmt"/>
      <line num="331" count="9" type="stmt"/>
      <line num="332" count="9" type="stmt"/>
      <line num="333" count="9" type="stmt"/>
      <line num="334" count="9" type="stmt"/>
      <line num="335" count="9" type="stmt"/>
      <line num="336" count="9" type="stmt"/>
      <line num="337" count="9" type="stmt"/>
      <line num="338" count="9" type="stmt"/>
      <line num="339" count="9" type="stmt"/>
      <line num="340" count="9" type="stmt"/>
      <line num="341" count="9" type="stmt"/>
      <line num="342" count="9" type="cond" truecount="1" falsecount="0"/>
      <line num="344" count="9" type="cond" truecount="1" falsecount="1"/>
      <line num="345" count="9" type="cond" truecount="1" falsecount="0"/>
      <line num="346" count="1" type="stmt"/>
      <line num="347" count="1" type="stmt"/>
      <line num="348" count="1" type="stmt"/>
      <line num="349" count="9" type="stmt"/>
    </file>
    <file name="images.ts" path="C:\Users\zeeit\OneDrive\Desktop\kursovaya\modules\landing\lib\cms\images.ts">
      <metrics statements="50" coveredstatements="50" conditionals="35" coveredconditionals="33" methods="6" coveredmethods="6"/>
      <line num="3" count="1" type="stmt"/>
      <line num="4" count="1" type="stmt"/>
      <line num="6" count="20" type="cond" truecount="1" falsecount="0"/>
      <line num="7" count="20" type="stmt"/>
      <line num="8" count="20" type="stmt"/>
      <line num="9" count="20" type="stmt"/>
      <line num="12" count="15" type="cond" truecount="1" falsecount="0"/>
      <line num="13" count="15" type="stmt"/>
      <line num="14" count="15" type="stmt"/>
      <line num="16" count="2" type="cond" truecount="1" falsecount="0"/>
      <line num="17" count="2" type="stmt"/>
      <line num="18" count="2" type="stmt"/>
      <line num="19" count="2" type="stmt"/>
      <line num="20" count="2" type="cond" truecount="2" falsecount="0"/>
      <line num="21" count="2" type="stmt"/>
      <line num="27" count="1" type="cond" truecount="1" falsecount="0"/>
      <line num="28" count="12" type="stmt"/>
      <line num="29" count="12" type="stmt"/>
      <line num="30" count="12" type="stmt"/>
      <line num="31" count="12" type="stmt"/>
      <line num="32" count="12" type="cond" truecount="1" falsecount="0"/>
      <line num="33" count="12" type="cond" truecount="2" falsecount="0"/>
      <line num="34" count="1" type="stmt"/>
      <line num="35" count="1" type="cond" truecount="1" falsecount="0"/>
      <line num="36" count="12" type="stmt"/>
      <line num="37" count="12" type="cond" truecount="1" falsecount="1"/>
      <line num="38" count="12" type="cond" truecount="2" falsecount="0"/>
      <line num="39" count="12" type="cond" truecount="3" falsecount="0"/>
      <line num="40" count="2" type="stmt"/>
      <line num="41" count="2" type="cond" truecount="1" falsecount="0"/>
      <line num="42" count="2" type="cond" truecount="0" falsecount="1"/>
      <line num="43" count="2" type="stmt"/>
      <line num="44" count="12" type="cond" truecount="3" falsecount="0"/>
      <line num="45" count="1" type="stmt"/>
      <line num="46" count="1" type="stmt"/>
      <line num="47" count="12" type="cond" truecount="1" falsecount="0"/>
      <line num="48" count="6" type="stmt"/>
      <line num="49" count="6" type="cond" truecount="1" falsecount="0"/>
      <line num="50" count="1" type="stmt"/>
      <line num="51" count="1" type="stmt"/>
      <line num="54" count="1" type="cond" truecount="1" falsecount="0"/>
      <line num="55" count="33" type="cond" truecount="1" falsecount="0"/>
      <line num="56" count="33" type="stmt"/>
      <line num="59" count="1" type="cond" truecount="1" falsecount="0"/>
      <line num="60" count="15" type="cond" truecount="1" falsecount="0"/>
      <line num="61" count="15" type="cond" truecount="2" falsecount="0"/>
      <line num="62" count="15" type="cond" truecount="3" falsecount="0"/>
      <line num="63" count="9" type="cond" truecount="2" falsecount="0"/>
      <line num="64" count="1" type="stmt"/>
      <line num="65" count="1" type="stmt"/>
    </file>
    <file name="merge-settings.ts" path="C:\Users\zeeit\OneDrive\Desktop\kursovaya\modules\landing\lib\cms\merge-settings.ts">
      <metrics statements="196" coveredstatements="193" conditionals="108" coveredconditionals="80" methods="6" coveredmethods="6"/>
      <line num="11" count="1" type="stmt"/>
      <line num="12" count="1" type="stmt"/>
      <line num="13" count="1" type="stmt"/>
      <line num="14" count="1" type="stmt"/>
      <line num="15" count="1" type="stmt"/>
      <line num="16" count="1" type="stmt"/>
      <line num="17" count="1" type="stmt"/>
      <line num="18" count="1" type="stmt"/>
      <line num="19" count="1" type="stmt"/>
      <line num="20" count="1" type="stmt"/>
      <line num="21" count="1" type="stmt"/>
      <line num="22" count="1" type="stmt"/>
      <line num="23" count="1" type="stmt"/>
      <line num="24" count="1" type="stmt"/>
      <line num="25" count="1" type="stmt"/>
      <line num="26" count="1" type="stmt"/>
      <line num="27" count="1" type="stmt"/>
      <line num="28" count="1" type="stmt"/>
      <line num="29" count="1" type="stmt"/>
      <line num="30" count="1" type="stmt"/>
      <line num="31" count="1" type="stmt"/>
      <line num="32" count="1" type="stmt"/>
      <line num="33" count="1" type="stmt"/>
      <line num="34" count="1" type="stmt"/>
      <line num="35" count="1" type="stmt"/>
      <line num="36" count="1" type="stmt"/>
      <line num="37" count="1" type="stmt"/>
      <line num="38" count="1" type="stmt"/>
      <line num="39" count="1" type="stmt"/>
      <line num="40" count="1" type="stmt"/>
      <line num="41" count="1" type="stmt"/>
      <line num="42" count="1" type="stmt"/>
      <line num="43" count="1" type="stmt"/>
      <line num="44" count="1" type="stmt"/>
      <line num="45" count="1" type="stmt"/>
      <line num="46" count="1" type="stmt"/>
      <line num="47" count="1" type="stmt"/>
      <line num="48" count="1" type="stmt"/>
      <line num="49" count="1" type="stmt"/>
      <line num="50" count="1" type="stmt"/>
      <line num="51" count="1" type="stmt"/>
      <line num="52" count="1" type="stmt"/>
      <line num="53" count="1" type="stmt"/>
      <line num="54" count="1" type="stmt"/>
      <line num="57" count="1" type="cond" truecount="1" falsecount="0"/>
      <line num="58" count="40" type="cond" truecount="3" falsecount="0"/>
      <line num="59" count="30" type="cond" truecount="1" falsecount="0"/>
      <line num="60" count="19" type="stmt"/>
      <line num="61" count="19" type="cond" truecount="1" falsecount="0"/>
      <line num="62" count="19" type="cond" truecount="1" falsecount="0"/>
      <line num="63" count="40" type="cond" truecount="2" falsecount="0"/>
      <line num="64" count="2" type="stmt"/>
      <line num="65" count="2" type="cond" truecount="0" falsecount="3"/>
      <line num="66" count="2" type="stmt"/>
      <line num="67" count="2" type="stmt"/>
      <line num="68" count="2" type="cond" truecount="1" falsecount="0"/>
      <line num="69" count="2" type="stmt"/>
      <line num="70" count="2" type="cond" truecount="0" falsecount="1"/>
      <line num="71" count="0" type="stmt"/>
      <line num="72" count="0" type="stmt"/>
      <line num="74" count="1" type="cond" truecount="1" falsecount="0"/>
      <line num="75" count="18" type="stmt"/>
      <line num="76" count="18" type="stmt"/>
      <line num="77" count="18" type="cond" truecount="3" falsecount="0"/>
      <line num="78" count="15" type="stmt"/>
      <line num="79" count="18" type="cond" truecount="2" falsecount="0"/>
      <line num="80" count="18" type="cond" truecount="2" falsecount="0"/>
      <line num="81" count="18" type="cond" truecount="2" falsecount="0"/>
      <line num="82" count="18" type="cond" truecount="2" falsecount="0"/>
      <line num="83" count="18" type="cond" truecount="2" falsecount="0"/>
      <line num="84" count="18" type="cond" truecount="2" falsecount="0"/>
      <line num="85" count="18" type="cond" truecount="2" falsecount="0"/>
      <line num="86" count="18" type="cond" truecount="2" falsecount="0"/>
      <line num="87" count="18" type="stmt"/>
      <line num="88" count="18" type="cond" truecount="1" falsecount="1"/>
      <line num="89" count="0" type="cond" truecount="1" falsecount="0"/>
      <line num="90" count="15" type="stmt"/>
      <line num="91" count="18" type="stmt"/>
      <line num="92" count="18" type="cond" truecount="1" falsecount="1"/>
      <line num="93" count="15" type="stmt"/>
      <line num="94" count="18" type="stmt"/>
      <line num="95" count="18" type="cond" truecount="1" falsecount="1"/>
      <line num="96" count="15" type="stmt"/>
      <line num="97" count="18" type="stmt"/>
      <line num="98" count="18" type="cond" truecount="1" falsecount="1"/>
      <line num="99" count="15" type="stmt"/>
      <line num="100" count="18" type="cond" truecount="1" falsecount="1"/>
      <line num="101" count="18" type="cond" truecount="1" falsecount="1"/>
      <line num="102" count="18" type="stmt"/>
      <line num="103" count="18" type="cond" truecount="1" falsecount="1"/>
      <line num="104" count="18" type="stmt"/>
      <line num="105" count="18" type="cond" truecount="1" falsecount="1"/>
      <line num="106" count="18" type="stmt"/>
      <line num="107" count="18" type="cond" truecount="1" falsecount="1"/>
      <line num="108" count="18" type="stmt"/>
      <line num="109" count="18" type="cond" truecount="1" falsecount="1"/>
      <line num="110" count="15" type="stmt"/>
      <line num="111" count="18" type="stmt"/>
      <line num="112" count="18" type="stmt"/>
      <line num="113" count="18" type="stmt"/>
      <line num="114" count="18" type="stmt"/>
      <line num="115" count="18" type="stmt"/>
      <line num="116" count="18" type="cond" truecount="1" falsecount="1"/>
      <line num="117" count="15" type="stmt"/>
      <line num="118" count="18" type="stmt"/>
      <line num="119" count="18" type="cond" truecount="1" falsecount="1"/>
      <line num="120" count="15" type="stmt"/>
      <line num="121" count="18" type="stmt"/>
      <line num="122" count="18" type="stmt"/>
      <line num="123" count="18" type="stmt"/>
      <line num="124" count="18" type="cond" truecount="1" falsecount="1"/>
      <line num="125" count="15" type="stmt"/>
      <line num="126" count="18" type="stmt"/>
      <line num="127" count="18" type="cond" truecount="1" falsecount="1"/>
      <line num="128" count="15" type="stmt"/>
      <line num="129" count="18" type="stmt"/>
      <line num="130" count="18" type="stmt"/>
      <line num="131" count="18" type="stmt"/>
      <line num="132" count="18" type="cond" truecount="1" falsecount="1"/>
      <line num="133" count="15" type="stmt"/>
      <line num="134" count="18" type="stmt"/>
      <line num="135" count="18" type="cond" truecount="1" falsecount="1"/>
      <line num="136" count="15" type="stmt"/>
      <line num="137" count="18" type="stmt"/>
      <line num="138" count="18" type="stmt"/>
      <line num="139" count="18" type="stmt"/>
      <line num="140" count="18" type="stmt"/>
      <line num="141" count="18" type="stmt"/>
      <line num="142" count="18" type="cond" truecount="1" falsecount="1"/>
      <line num="143" count="15" type="stmt"/>
      <line num="144" count="18" type="stmt"/>
      <line num="145" count="18" type="cond" truecount="1" falsecount="1"/>
      <line num="146" count="15" type="stmt"/>
      <line num="147" count="18" type="stmt"/>
      <line num="148" count="18" type="stmt"/>
      <line num="149" count="18" type="stmt"/>
      <line num="150" count="18" type="cond" truecount="1" falsecount="1"/>
      <line num="151" count="15" type="stmt"/>
      <line num="152" count="18" type="stmt"/>
      <line num="153" count="18" type="cond" truecount="1" falsecount="1"/>
      <line num="154" count="15" type="stmt"/>
      <line num="155" count="18" type="stmt"/>
      <line num="156" count="18" type="stmt"/>
      <line num="157" count="18" type="stmt"/>
      <line num="158" count="18" type="stmt"/>
      <line num="160" count="1" type="cond" truecount="1" falsecount="0"/>
      <line num="161" count="34" type="cond" truecount="4" falsecount="0"/>
      <line num="162" count="34" type="cond" truecount="0" falsecount="1"/>
      <line num="163" count="34" type="cond" truecount="0" falsecount="1"/>
      <line num="164" count="34" type="cond" truecount="1" falsecount="0"/>
      <line num="165" count="34" type="stmt"/>
      <line num="166" count="34" type="cond" truecount="0" falsecount="1"/>
      <line num="167" count="34" type="stmt"/>
      <line num="170" count="1" type="cond" truecount="1" falsecount="0"/>
      <line num="171" count="34" type="cond" truecount="3" falsecount="0"/>
      <line num="172" count="34" type="cond" truecount="1" falsecount="0"/>
      <line num="173" count="34" type="cond" truecount="3" falsecount="0"/>
      <line num="174" count="34" type="stmt"/>
      <line num="176" count="1" type="cond" truecount="1" falsecount="0"/>
      <line num="177" count="10" type="stmt"/>
      <line num="178" count="10" type="stmt"/>
      <line num="179" count="10" type="stmt"/>
      <line num="180" count="10" type="stmt"/>
      <line num="181" count="10" type="stmt"/>
      <line num="182" count="10" type="cond" truecount="1" falsecount="0"/>
      <line num="183" count="10" type="stmt"/>
      <line num="184" count="10" type="stmt"/>
      <line num="185" count="10" type="stmt"/>
      <line num="186" count="10" type="cond" truecount="1" falsecount="0"/>
      <line num="187" count="10" type="cond" truecount="1" falsecount="0"/>
      <line num="188" count="10" type="stmt"/>
      <line num="189" count="10" type="stmt"/>
      <line num="190" count="10" type="stmt"/>
      <line num="191" count="10" type="cond" truecount="1" falsecount="0"/>
      <line num="192" count="10" type="stmt"/>
      <line num="193" count="10" type="stmt"/>
      <line num="194" count="10" type="stmt"/>
      <line num="196" count="1" type="cond" truecount="1" falsecount="0"/>
      <line num="197" count="12" type="cond" truecount="1" falsecount="0"/>
      <line num="198" count="12" type="cond" truecount="1" falsecount="0"/>
      <line num="199" count="12" type="stmt"/>
      <line num="200" count="12" type="stmt"/>
      <line num="201" count="12" type="stmt"/>
      <line num="202" count="12" type="cond" truecount="0" falsecount="1"/>
      <line num="203" count="12" type="cond" truecount="1" falsecount="0"/>
      <line num="204" count="12" type="cond" truecount="1" falsecount="0"/>
      <line num="205" count="12" type="cond" truecount="1" falsecount="0"/>
      <line num="206" count="12" type="stmt"/>
      <line num="207" count="12" type="cond" truecount="1" falsecount="0"/>
      <line num="208" count="10" type="cond" truecount="1" falsecount="0"/>
      <line num="209" count="2" type="cond" truecount="1" falsecount="0"/>
      <line num="210" count="1" type="cond" truecount="1" falsecount="0"/>
      <line num="211" count="1" type="stmt"/>
      <line num="212" count="12" type="stmt"/>
      <line num="213" count="12" type="stmt"/>
      <line num="214" count="12" type="stmt"/>
    </file>
  </project>
</coverage>
