{"C:\\Users\\zeeit\\OneDrive\\Desktop\\kursovaya\\modules\\landing\\lib\\cms\\build-service-rows.ts": {"path":"C:\\Users\\zeeit\\OneDrive\\Desktop\\kursovaya\\modules\\landing\\lib\\cms\\build-service-rows.ts","all":false,"statementMap":{"17":{"start":{"line":18,"column":0},"end":{"line":18,"column":75}},"18":{"start":{"line":19,"column":0},"end":{"line":19,"column":25}},"19":{"start":{"line":20,"column":0},"end":{"line":20,"column":76}},"20":{"start":{"line":21,"column":0},"end":{"line":21,"column":53}},"21":{"start":{"line":22,"column":0},"end":{"line":22,"column":12}},"22":{"start":{"line":23,"column":0},"end":{"line":23,"column":23}},"23":{"start":{"line":24,"column":0},"end":{"line":24,"column":48}},"24":{"start":{"line":25,"column":0},"end":{"line":25,"column":42}},"25":{"start":{"line":26,"column":0},"end":{"line":26,"column":53}},"26":{"start":{"line":27,"column":0},"end":{"line":27,"column":58}},"27":{"start":{"line":28,"column":0},"end":{"line":28,"column":59}},"28":{"start":{"line":29,"column":0},"end":{"line":29,"column":33}},"29":{"start":{"line":30,"column":0},"end":{"line":30,"column":5}},"30":{"start":{"line":31,"column":0},"end":{"line":31,"column":4}},"31":{"start":{"line":32,"column":0},"end":{"line":32,"column":1}},"34":{"start":{"line":35,"column":0},"end":{"line":35,"column":47}},"35":{"start":{"line":36,"column":0},"end":{"line":36,"column":43}},"36":{"start":{"line":37,"column":0},"end":{"line":37,"column":26}},"37":{"start":{"line":38,"column":0},"end":{"line":38,"column":35}},"38":{"start":{"line":39,"column":0},"end":{"line":39,"column":68}},"39":{"start":{"line":40,"column":0},"end":{"line":40,"column":32}},"40":{"start":{"line":41,"column":0},"end":{"line":41,"column":54}},"41":{"start":{"line":42,"column":0},"end":{"line":42,"column":18}},"42":{"start":{"line":43,"column":0},"end":{"line":43,"column":30}},"43":{"start":{"line":44,"column":0},"end":{"line":44,"column":58}},"44":{"start":{"line":45,"column":0},"end":{"line":45,"column":55}},"45":{"start":{"line":46,"column":0},"end":{"line":46,"column":1}},"47":{"start":{"line":48,"column":0},"end":{"line":48,"column":72}},"48":{"start":{"line":49,"column":0},"end":{"line":49,"column":58}},"49":{"start":{"line":50,"column":0},"end":{"line":50,"column":68}},"50":{"start":{"line":51,"column":0},"end":{"line":51,"column":27}},"51":{"start":{"line":52,"column":0},"end":{"line":52,"column":43}},"52":{"start":{"line":53,"column":0},"end":{"line":53,"column":24}},"53":{"start":{"line":54,"column":0},"end":{"line":54,"column":22}},"54":{"start":{"line":55,"column":0},"end":{"line":55,"column":31}},"55":{"start":{"line":56,"column":0},"end":{"line":56,"column":16}},"56":{"start":{"line":57,"column":0},"end":{"line":57,"column":3}},"57":{"start":{"line":58,"column":0},"end":{"line":58,"column":18}},"58":{"start":{"line":59,"column":0},"end":{"line":59,"column":1}},"60":{"start":{"line":61,"column":0},"end":{"line":61,"column":72}},"61":{"start":{"line":62,"column":0},"end":{"line":62,"column":69}},"62":{"start":{"line":63,"column":0},"end":{"line":63,"column":23}},"63":{"start":{"line":64,"column":0},"end":{"line":64,"column":3}},"64":{"start":{"line":65,"column":0},"end":{"line":65,"column":25}},"65":{"start":{"line":66,"column":0},"end":{"line":66,"column":1}}},"s":{"17":1,"18":10,"19":12,"20":12,"21":12,"22":12,"23":12,"24":12,"25":12,"26":12,"27":12,"28":12,"29":12,"30":10,"31":10,"34":1,"35":2,"36":2,"37":2,"38":2,"39":2,"40":1,"41":1,"42":1,"43":1,"44":1,"45":1,"47":12,"48":12,"49":12,"50":12,"51":10,"52":10,"53":10,"54":10,"55":10,"56":10,"57":1,"58":1,"60":12,"61":12,"62":1,"63":1,"64":11,"65":11},"branchMap":{"0":{"type":"branch","line":18,"loc":{"start":{"line":18,"column":7},"end":{"line":32,"column":1}},"locations":[{"start":{"line":18,"column":7},"end":{"line":32,"column":1}}]},"1":{"type":"branch","line":19,"loc":{"start":{"line":19,"column":17},"end":{"line":31,"column":3}},"locations":[{"start":{"line":19,"column":17},"end":{"line":31,"column":3}}]},"2":{"type":"branch","line":20,"loc":{"start":{"line":20,"column":27},"end":{"line":20,"column":66}},"locations":[{"start":{"line":20,"column":27},"end":{"line":20,"column":66}}]},"3":{"type":"branch","line":20,"loc":{"start":{"line":20,"column":46},"end":{"line":20,"column":68}},"locations":[{"start":{"line":20,"column":46},"end":{"line":20,"column":68}}]},"4":{"type":"branch","line":21,"loc":{"start":{"line":21,"column":25},"end":{"line":21,"column":52}},"locations":[{"start":{"line":21,"column":25},"end":{"line":21,"column":52}}]},"5":{"type":"branch","line":24,"loc":{"start":{"line":24,"column":13},"end":{"line":24,"column":48}},"locations":[{"start":{"line":24,"column":13},"end":{"line":24,"column":48}}]},"6":{"type":"branch","line":25,"loc":{"start":{"line":25,"column":14},"end":{"line":25,"column":42}},"locations":[{"start":{"line":25,"column":14},"end":{"line":25,"column":42}}]},"7":{"type":"branch","line":28,"loc":{"start":{"line":28,"column":32},"end":{"line":28,"column":57}},"locations":[{"start":{"line":28,"column":32},"end":{"line":28,"column":57}}]},"8":{"type":"branch","line":35,"loc":{"start":{"line":35,"column":7},"end":{"line":46,"column":1}},"locations":[{"start":{"line":35,"column":7},"end":{"line":46,"column":1}}]},"9":{"type":"branch","line":40,"loc":{"start":{"line":40,"column":23},"end":{"line":46,"column":1}},"locations":[{"start":{"line":40,"column":23},"end":{"line":46,"column":1}}]},"10":{"type":"branch","line":39,"loc":{"start":{"line":39,"column":40},"end":{"line":39,"column":66}},"locations":[{"start":{"line":39,"column":40},"end":{"line":39,"column":66}}]},"11":{"type":"branch","line":41,"loc":{"start":{"line":41,"column":36},"end":{"line":41,"column":52}},"locations":[{"start":{"line":41,"column":36},"end":{"line":41,"column":52}}]},"12":{"type":"branch","line":43,"loc":{"start":{"line":43,"column":9},"end":{"line":43,"column":29}},"locations":[{"start":{"line":43,"column":9},"end":{"line":43,"column":29}}]},"13":{"type":"branch","line":44,"loc":{"start":{"line":44,"column":12},"end":{"line":44,"column":57}},"locations":[{"start":{"line":44,"column":12},"end":{"line":44,"column":57}}]},"14":{"type":"branch","line":45,"loc":{"start":{"line":45,"column":10},"end":{"line":45,"column":54}},"locations":[{"start":{"line":45,"column":10},"end":{"line":45,"column":54}}]},"15":{"type":"branch","line":48,"loc":{"start":{"line":48,"column":0},"end":{"line":59,"column":1}},"locations":[{"start":{"line":48,"column":0},"end":{"line":59,"column":1}}]},"16":{"type":"branch","line":49,"loc":{"start":{"line":49,"column":12},"end":{"line":49,"column":39}},"locations":[{"start":{"line":49,"column":12},"end":{"line":49,"column":39}}]},"17":{"type":"branch","line":49,"loc":{"start":{"line":49,"column":26},"end":{"line":49,"column":49}},"locations":[{"start":{"line":49,"column":26},"end":{"line":49,"column":49}}]},"18":{"type":"branch","line":49,"loc":{"start":{"line":49,"column":49},"end":{"line":49,"column":58}},"locations":[{"start":{"line":49,"column":49},"end":{"line":49,"column":58}}]},"19":{"type":"branch","line":49,"loc":{"start":{"line":49,"column":56},"end":{"line":50,"column":36}},"locations":[{"start":{"line":49,"column":56},"end":{"line":50,"column":36}}]},"20":{"type":"branch","line":50,"loc":{"start":{"line":50,"column":25},"end":{"line":50,"column":59}},"locations":[{"start":{"line":50,"column":25},"end":{"line":50,"column":59}}]},"21":{"type":"branch","line":50,"loc":{"start":{"line":50,"column":55},"end":{"line":50,"column":68}},"locations":[{"start":{"line":50,"column":55},"end":{"line":50,"column":68}}]},"22":{"type":"branch","line":51,"loc":{"start":{"line":51,"column":26},"end":{"line":57,"column":3}},"locations":[{"start":{"line":51,"column":26},"end":{"line":57,"column":3}}]},"23":{"type":"branch","line":57,"loc":{"start":{"line":57,"column":2},"end":{"line":59,"column":1}},"locations":[{"start":{"line":57,"column":2},"end":{"line":59,"column":1}}]},"24":{"type":"branch","line":61,"loc":{"start":{"line":61,"column":0},"end":{"line":66,"column":1}},"locations":[{"start":{"line":61,"column":0},"end":{"line":66,"column":1}}]},"25":{"type":"branch","line":62,"loc":{"start":{"line":62,"column":68},"end":{"line":64,"column":3}},"locations":[{"start":{"line":62,"column":68},"end":{"line":64,"column":3}}]},"26":{"type":"branch","line":64,"loc":{"start":{"line":64,"column":2},"end":{"line":66,"column":1}},"locations":[{"start":{"line":64,"column":2},"end":{"line":66,"column":1}}]}},"b":{"0":[10],"1":[12],"2":[1],"3":[0],"4":[0],"5":[1],"6":[0],"7":[0],"8":[2],"9":[1],"10":[3],"11":[3],"12":[3],"13":[3],"14":[4],"15":[12],"16":[11],"17":[11],"18":[1],"19":[11],"20":[1],"21":[10],"22":[10],"23":[1],"24":[12],"25":[1],"26":[11]},"fnMap":{"0":{"name":"buildServiceRows","decl":{"start":{"line":18,"column":7},"end":{"line":32,"column":1}},"loc":{"start":{"line":18,"column":7},"end":{"line":32,"column":1}},"line":18},"1":{"name":"specializationsUsedByServices","decl":{"start":{"line":35,"column":7},"end":{"line":46,"column":1}},"loc":{"start":{"line":35,"column":7},"end":{"line":46,"column":1}},"line":35},"2":{"name":"formatPriceRu","decl":{"start":{"line":48,"column":0},"end":{"line":59,"column":1}},"loc":{"start":{"line":48,"column":0},"end":{"line":59,"column":1}},"line":48},"3":{"name":"formatDurationRu","decl":{"start":{"line":61,"column":0},"end":{"line":66,"column":1}},"loc":{"start":{"line":61,"column":0},"end":{"line":66,"column":1}},"line":61}},"f":{"0":10,"1":2,"2":12,"3":12}}
,"C:\\Users\\zeeit\\OneDrive\\Desktop\\kursovaya\\modules\\landing\\lib\\cms\\directus.ts": {"path":"C:\\Users\\zeeit\\OneDrive\\Desktop\\kursovaya\\modules\\landing\\lib\\cms\\directus.ts","all":false,"statementMap":{"5":{"start":{"line":6,"column":0},"end":{"line":6,"column":76}},"6":{"start":{"line":7,"column":0},"end":{"line":7,"column":43}},"7":{"start":{"line":8,"column":0},"end":{"line":8,"column":29}},"8":{"start":{"line":9,"column":0},"end":{"line":9,"column":8}},"21":{"start":{"line":22,"column":0},"end":{"line":22,"column":39}},"22":{"start":{"line":23,"column":0},"end":{"line":23,"column":10}},"23":{"start":{"line":24,"column":0},"end":{"line":24,"column":63}},"24":{"start":{"line":25,"column":0},"end":{"line":25,"column":27}},"26":{"start":{"line":27,"column":0},"end":{"line":27,"column":1}},"28":{"start":{"line":29,"column":0},"end":{"line":29,"column":39}},"29":{"start":{"line":30,"column":0},"end":{"line":30,"column":10}},"30":{"start":{"line":31,"column":0},"end":{"line":31,"column":60}},"31":{"start":{"line":32,"column":0},"end":{"line":32,"column":23}},"33":{"start":{"line":34,"column":0},"end":{"line":34,"column":1}},"35":{"start":{"line":36,"column":0},"end":{"line":36,"column":35}},"36":{"start":{"line":37,"column":0},"end":{"line":37,"column":49}},"37":{"start":{"line":38,"column":0},"end":{"line":38,"column":1}},"42":{"start":{"line":43,"column":0},"end":{"line":43,"column":23}},"43":{"start":{"line":44,"column":0},"end":{"line":44,"column":33}},"44":{"start":{"line":45,"column":0},"end":{"line":45,"column":31}},"45":{"start":{"line":46,"column":0},"end":{"line":46,"column":52}},"46":{"start":{"line":47,"column":0},"end":{"line":47,"column":53}},"47":{"start":{"line":48,"column":0},"end":{"line":48,"column":1}},"49":{"start":{"line":50,"column":0},"end":{"line":50,"column":56}},"50":{"start":{"line":51,"column":0},"end":{"line":51,"column":52}},"51":{"start":{"line":52,"column":0},"end":{"line":52,"column":72}},"52":{"start":{"line":53,"column":0},"end":{"line":53,"column":15}},"53":{"start":{"line":54,"column":0},"end":{"line":54,"column":28}},"54":{"start":{"line":55,"column":0},"end":{"line":55,"column":57}},"55":{"start":{"line":56,"column":0},"end":{"line":56,"column":58}},"56":{"start":{"line":57,"column":0},"end":{"line":57,"column":3}},"57":{"start":{"line":58,"column":0},"end":{"line":58,"column":1}},"59":{"start":{"line":60,"column":0},"end":{"line":60,"column":75}},"60":{"start":{"line":61,"column":0},"end":{"line":61,"column":7}},"61":{"start":{"line":62,"column":0},"end":{"line":62,"column":30}},"62":{"start":{"line":63,"column":0},"end":{"line":63,"column":38}},"63":{"start":{"line":64,"column":0},"end":{"line":64,"column":47}},"64":{"start":{"line":65,"column":0},"end":{"line":65,"column":35}},"65":{"start":{"line":66,"column":0},"end":{"line":66,"column":17}},"66":{"start":{"line":67,"column":0},"end":{"line":67,"column":15}},"67":{"start":{"line":68,"column":0},"end":{"line":68,"column":5}},"68":{"start":{"line":69,"column":0},"end":{"line":69,"column":60}},"69":{"start":{"line":70,"column":0},"end":{"line":70,"column":15}},"70":{"start":{"line":71,"column":0},"end":{"line":71,"column":43}},"71":{"start":{"line":72,"column":0},"end":{"line":72,"column":15}},"72":{"start":{"line":73,"column":0},"end":{"line":73,"column":3}},"73":{"start":{"line":74,"column":0},"end":{"line":74,"column":1}},"75":{"start":{"line":76,"column":0},"end":{"line":76,"column":52}},"76":{"start":{"line":77,"column":0},"end":{"line":77,"column":42}},"77":{"start":{"line":78,"column":0},"end":{"line":78,"column":51}},"78":{"start":{"line":79,"column":0},"end":{"line":79,"column":24}},"79":{"start":{"line":80,"column":0},"end":{"line":80,"column":20}},"80":{"start":{"line":81,"column":0},"end":{"line":81,"column":1}},"82":{"start":{"line":83,"column":0},"end":{"line":83,"column":33}},"83":{"start":{"line":84,"column":0},"end":{"line":84,"column":39}},"84":{"start":{"line":85,"column":0},"end":{"line":85,"column":21}},"85":{"start":{"line":86,"column":0},"end":{"line":86,"column":33}},"86":{"start":{"line":87,"column":0},"end":{"line":87,"column":41}},"87":{"start":{"line":88,"column":0},"end":{"line":88,"column":46}},"88":{"start":{"line":89,"column":0},"end":{"line":89,"column":7}},"89":{"start":{"line":90,"column":0},"end":{"line":90,"column":38}},"90":{"start":{"line":91,"column":0},"end":{"line":91,"column":52}},"91":{"start":{"line":92,"column":0},"end":{"line":92,"column":50}},"92":{"start":{"line":93,"column":0},"end":{"line":93,"column":63}},"93":{"start":{"line":94,"column":0},"end":{"line":94,"column":19}},"94":{"start":{"line":95,"column":0},"end":{"line":95,"column":15}},"95":{"start":{"line":96,"column":0},"end":{"line":96,"column":14}},"96":{"start":{"line":97,"column":0},"end":{"line":97,"column":35}},"97":{"start":{"line":98,"column":0},"end":{"line":98,"column":39}},"98":{"start":{"line":99,"column":0},"end":{"line":99,"column":18}},"99":{"start":{"line":100,"column":0},"end":{"line":100,"column":38}},"100":{"start":{"line":101,"column":0},"end":{"line":101,"column":43}},"101":{"start":{"line":102,"column":0},"end":{"line":102,"column":10}},"102":{"start":{"line":103,"column":0},"end":{"line":103,"column":50}},"103":{"start":{"line":104,"column":0},"end":{"line":104,"column":36}},"104":{"start":{"line":105,"column":0},"end":{"line":105,"column":28}},"105":{"start":{"line":106,"column":0},"end":{"line":106,"column":23}},"106":{"start":{"line":107,"column":0},"end":{"line":107,"column":5}},"107":{"start":{"line":108,"column":0},"end":{"line":108,"column":15}},"108":{"start":{"line":109,"column":0},"end":{"line":109,"column":48}},"109":{"start":{"line":110,"column":0},"end":{"line":110,"column":3}},"110":{"start":{"line":111,"column":0},"end":{"line":111,"column":42}},"111":{"start":{"line":112,"column":0},"end":{"line":112,"column":34}},"112":{"start":{"line":113,"column":0},"end":{"line":113,"column":57}},"113":{"start":{"line":114,"column":0},"end":{"line":114,"column":3}},"114":{"start":{"line":115,"column":0},"end":{"line":115,"column":15}},"115":{"start":{"line":116,"column":0},"end":{"line":116,"column":1}},"117":{"start":{"line":118,"column":0},"end":{"line":118,"column":66}},"118":{"start":{"line":119,"column":0},"end":{"line":119,"column":7}},"119":{"start":{"line":120,"column":0},"end":{"line":120,"column":30}},"120":{"start":{"line":121,"column":0},"end":{"line":121,"column":38}},"121":{"start":{"line":122,"column":0},"end":{"line":122,"column":37}},"122":{"start":{"line":123,"column":0},"end":{"line":123,"column":17}},"123":{"start":{"line":124,"column":0},"end":{"line":124,"column":69}},"124":{"start":{"line":125,"column":0},"end":{"line":125,"column":10}},"125":{"start":{"line":126,"column":0},"end":{"line":126,"column":17}},"126":{"start":{"line":127,"column":0},"end":{"line":127,"column":15}},"127":{"start":{"line":128,"column":0},"end":{"line":128,"column":16}},"128":{"start":{"line":129,"column":0},"end":{"line":129,"column":17}},"129":{"start":{"line":130,"column":0},"end":{"line":130,"column":29}},"130":{"start":{"line":131,"column":0},"end":{"line":131,"column":18}},"131":{"start":{"line":132,"column":0},"end":{"line":132,"column":66}},"132":{"start":{"line":133,"column":0},"end":{"line":133,"column":10}},"133":{"start":{"line":134,"column":0},"end":{"line":134,"column":21}},"134":{"start":{"line":135,"column":0},"end":{"line":135,"column":18}},"135":{"start":{"line":136,"column":0},"end":{"line":136,"column":15}},"136":{"start":{"line":137,"column":0},"end":{"line":137,"column":15}},"138":{"start":{"line":139,"column":0},"end":{"line":139,"column":76}},"139":{"start":{"line":140,"column":0},"end":{"line":140,"column":55}},"141":{"start":{"line":142,"column":0},"end":{"line":142,"column":64}},"142":{"start":{"line":143,"column":0},"end":{"line":143,"column":15}},"143":{"start":{"line":144,"column":0},"end":{"line":144,"column":33}},"144":{"start":{"line":145,"column":0},"end":{"line":145,"column":13}},"145":{"start":{"line":146,"column":0},"end":{"line":146,"column":3}},"146":{"start":{"line":147,"column":0},"end":{"line":147,"column":1}},"154":{"start":{"line":155,"column":0},"end":{"line":155,"column":47}},"155":{"start":{"line":156,"column":0},"end":{"line":156,"column":39}},"156":{"start":{"line":157,"column":0},"end":{"line":157,"column":22}},"157":{"start":{"line":158,"column":0},"end":{"line":158,"column":30}},"158":{"start":{"line":159,"column":0},"end":{"line":159,"column":47}},"159":{"start":{"line":160,"column":0},"end":{"line":160,"column":45}},"160":{"start":{"line":161,"column":0},"end":{"line":161,"column":57}},"161":{"start":{"line":162,"column":0},"end":{"line":162,"column":32}},"162":{"start":{"line":163,"column":0},"end":{"line":163,"column":12}},"163":{"start":{"line":164,"column":0},"end":{"line":164,"column":24}},"164":{"start":{"line":165,"column":0},"end":{"line":165,"column":34}},"165":{"start":{"line":166,"column":0},"end":{"line":166,"column":32}},"166":{"start":{"line":167,"column":0},"end":{"line":167,"column":5}},"167":{"start":{"line":168,"column":0},"end":{"line":168,"column":3}},"168":{"start":{"line":169,"column":0},"end":{"line":169,"column":7}},"169":{"start":{"line":170,"column":0},"end":{"line":170,"column":39}},"170":{"start":{"line":171,"column":0},"end":{"line":171,"column":53}},"171":{"start":{"line":172,"column":0},"end":{"line":172,"column":17}},"172":{"start":{"line":173,"column":0},"end":{"line":173,"column":17}},"173":{"start":{"line":174,"column":0},"end":{"line":174,"column":48}},"174":{"start":{"line":175,"column":0},"end":{"line":175,"column":41}},"175":{"start":{"line":176,"column":0},"end":{"line":176,"column":12}},"176":{"start":{"line":177,"column":0},"end":{"line":177,"column":10}},"177":{"start":{"line":178,"column":0},"end":{"line":178,"column":70}},"178":{"start":{"line":179,"column":0},"end":{"line":179,"column":19}},"179":{"start":{"line":180,"column":0},"end":{"line":180,"column":15}},"180":{"start":{"line":181,"column":0},"end":{"line":181,"column":15}},"181":{"start":{"line":182,"column":0},"end":{"line":182,"column":35}},"182":{"start":{"line":183,"column":0},"end":{"line":183,"column":40}},"183":{"start":{"line":184,"column":0},"end":{"line":184,"column":41}},"184":{"start":{"line":185,"column":0},"end":{"line":185,"column":40}},"185":{"start":{"line":186,"column":0},"end":{"line":186,"column":55}},"186":{"start":{"line":187,"column":0},"end":{"line":187,"column":53}},"187":{"start":{"line":188,"column":0},"end":{"line":188,"column":45}},"188":{"start":{"line":189,"column":0},"end":{"line":189,"column":58}},"189":{"start":{"line":190,"column":0},"end":{"line":190,"column":44}},"190":{"start":{"line":191,"column":0},"end":{"line":191,"column":17}},"191":{"start":{"line":192,"column":0},"end":{"line":192,"column":44}},"192":{"start":{"line":193,"column":0},"end":{"line":193,"column":22}},"193":{"start":{"line":194,"column":0},"end":{"line":194,"column":31}},"194":{"start":{"line":195,"column":0},"end":{"line":195,"column":7}},"195":{"start":{"line":196,"column":0},"end":{"line":196,"column":40}},"196":{"start":{"line":197,"column":0},"end":{"line":197,"column":22}},"197":{"start":{"line":198,"column":0},"end":{"line":198,"column":27}},"199":{"start":{"line":200,"column":0},"end":{"line":200,"column":19}},"200":{"start":{"line":201,"column":0},"end":{"line":201,"column":74}},"201":{"start":{"line":202,"column":0},"end":{"line":202,"column":18}},"202":{"start":{"line":203,"column":0},"end":{"line":203,"column":67}},"203":{"start":{"line":204,"column":0},"end":{"line":204,"column":54}},"204":{"start":{"line":205,"column":0},"end":{"line":205,"column":31}},"205":{"start":{"line":206,"column":0},"end":{"line":206,"column":7}},"206":{"start":{"line":207,"column":0},"end":{"line":207,"column":5}},"207":{"start":{"line":208,"column":0},"end":{"line":208,"column":15}},"208":{"start":{"line":209,"column":0},"end":{"line":209,"column":49}},"209":{"start":{"line":210,"column":0},"end":{"line":210,"column":3}},"210":{"start":{"line":211,"column":0},"end":{"line":211,"column":42}},"211":{"start":{"line":212,"column":0},"end":{"line":212,"column":40}},"212":{"start":{"line":213,"column":0},"end":{"line":213,"column":57}},"213":{"start":{"line":214,"column":0},"end":{"line":214,"column":3}},"214":{"start":{"line":215,"column":0},"end":{"line":215,"column":54}},"215":{"start":{"line":216,"column":0},"end":{"line":216,"column":36}},"216":{"start":{"line":217,"column":0},"end":{"line":217,"column":47}},"217":{"start":{"line":218,"column":0},"end":{"line":218,"column":3}},"218":{"start":{"line":219,"column":0},"end":{"line":219,"column":74}},"219":{"start":{"line":220,"column":0},"end":{"line":220,"column":39}},"220":{"start":{"line":221,"column":0},"end":{"line":221,"column":37}},"221":{"start":{"line":222,"column":0},"end":{"line":222,"column":62}},"222":{"start":{"line":223,"column":0},"end":{"line":223,"column":57}},"223":{"start":{"line":224,"column":0},"end":{"line":224,"column":34}},"224":{"start":{"line":225,"column":0},"end":{"line":225,"column":3}},"225":{"start":{"line":226,"column":0},"end":{"line":226,"column":53}},"226":{"start":{"line":227,"column":0},"end":{"line":227,"column":1}},"228":{"start":{"line":229,"column":0},"end":{"line":229,"column":68}},"229":{"start":{"line":230,"column":0},"end":{"line":230,"column":7}},"230":{"start":{"line":231,"column":0},"end":{"line":231,"column":30}},"231":{"start":{"line":232,"column":0},"end":{"line":232,"column":38}},"232":{"start":{"line":233,"column":0},"end":{"line":233,"column":38}},"233":{"start":{"line":234,"column":0},"end":{"line":234,"column":17}},"234":{"start":{"line":235,"column":0},"end":{"line":235,"column":15}},"235":{"start":{"line":236,"column":0},"end":{"line":236,"column":17}},"236":{"start":{"line":237,"column":0},"end":{"line":237,"column":24}},"237":{"start":{"line":238,"column":0},"end":{"line":238,"column":18}},"238":{"start":{"line":239,"column":0},"end":{"line":239,"column":29}},"239":{"start":{"line":240,"column":0},"end":{"line":240,"column":17}},"240":{"start":{"line":241,"column":0},"end":{"line":241,"column":10}},"241":{"start":{"line":242,"column":0},"end":{"line":242,"column":23}},"242":{"start":{"line":243,"column":0},"end":{"line":243,"column":19}},"243":{"start":{"line":244,"column":0},"end":{"line":244,"column":15}},"244":{"start":{"line":245,"column":0},"end":{"line":245,"column":15}},"246":{"start":{"line":247,"column":0},"end":{"line":247,"column":76}},"247":{"start":{"line":248,"column":0},"end":{"line":248,"column":69}},"249":{"start":{"line":250,"column":0},"end":{"line":250,"column":40}},"250":{"start":{"line":251,"column":0},"end":{"line":251,"column":29}},"251":{"start":{"line":252,"column":0},"end":{"line":252,"column":14}},"252":{"start":{"line":253,"column":0},"end":{"line":253,"column":23}},"253":{"start":{"line":254,"column":0},"end":{"line":254,"column":36}},"254":{"start":{"line":255,"column":0},"end":{"line":255,"column":51}},"255":{"start":{"line":256,"column":0},"end":{"line":256,"column":39}},"256":{"start":{"line":257,"column":0},"end":{"line":257,"column":43}},"257":{"start":{"line":258,"column":0},"end":{"line":258,"column":53}},"258":{"start":{"line":259,"column":0},"end":{"line":259,"column":41}},"259":{"start":{"line":260,"column":0},"end":{"line":260,"column":55}},"260":{"start":{"line":261,"column":0},"end":{"line":261,"column":67}},"261":{"start":{"line":262,"column":0},"end":{"line":262,"column":67}},"262":{"start":{"line":263,"column":0},"end":{"line":263,"column":37}},"263":{"start":{"line":264,"column":0},"end":{"line":264,"column":32}},"264":{"start":{"line":265,"column":0},"end":{"line":265,"column":23}},"265":{"start":{"line":266,"column":0},"end":{"line":266,"column":35}},"266":{"start":{"line":267,"column":0},"end":{"line":267,"column":7}},"267":{"start":{"line":268,"column":0},"end":{"line":268,"column":6}},"268":{"start":{"line":269,"column":0},"end":{"line":269,"column":15}},"269":{"start":{"line":270,"column":0},"end":{"line":270,"column":34}},"270":{"start":{"line":271,"column":0},"end":{"line":271,"column":13}},"271":{"start":{"line":272,"column":0},"end":{"line":272,"column":3}},"272":{"start":{"line":273,"column":0},"end":{"line":273,"column":1}},"274":{"start":{"line":275,"column":0},"end":{"line":275,"column":59}},"275":{"start":{"line":276,"column":0},"end":{"line":276,"column":61}},"283":{"start":{"line":284,"column":0},"end":{"line":284,"column":81}},"284":{"start":{"line":285,"column":0},"end":{"line":285,"column":7}},"285":{"start":{"line":286,"column":0},"end":{"line":286,"column":30}},"286":{"start":{"line":287,"column":0},"end":{"line":287,"column":38}},"287":{"start":{"line":288,"column":0},"end":{"line":288,"column":45}},"288":{"start":{"line":289,"column":0},"end":{"line":289,"column":39}},"289":{"start":{"line":290,"column":0},"end":{"line":290,"column":23}},"290":{"start":{"line":291,"column":0},"end":{"line":291,"column":19}},"291":{"start":{"line":292,"column":0},"end":{"line":292,"column":15}},"292":{"start":{"line":293,"column":0},"end":{"line":293,"column":15}},"293":{"start":{"line":294,"column":0},"end":{"line":294,"column":22}},"294":{"start":{"line":295,"column":0},"end":{"line":295,"column":24}},"295":{"start":{"line":296,"column":0},"end":{"line":296,"column":31}},"296":{"start":{"line":297,"column":0},"end":{"line":297,"column":48}},"297":{"start":{"line":298,"column":0},"end":{"line":298,"column":64}},"298":{"start":{"line":299,"column":0},"end":{"line":299,"column":16}},"299":{"start":{"line":300,"column":0},"end":{"line":300,"column":13}},"300":{"start":{"line":301,"column":0},"end":{"line":301,"column":46}},"301":{"start":{"line":302,"column":0},"end":{"line":302,"column":34}},"302":{"start":{"line":303,"column":0},"end":{"line":303,"column":9}},"303":{"start":{"line":304,"column":0},"end":{"line":304,"column":8}},"304":{"start":{"line":305,"column":0},"end":{"line":305,"column":43}},"305":{"start":{"line":306,"column":0},"end":{"line":306,"column":15}},"306":{"start":{"line":307,"column":0},"end":{"line":307,"column":41}},"307":{"start":{"line":308,"column":0},"end":{"line":308,"column":13}},"308":{"start":{"line":309,"column":0},"end":{"line":309,"column":3}},"309":{"start":{"line":310,"column":0},"end":{"line":310,"column":1}},"311":{"start":{"line":312,"column":0},"end":{"line":312,"column":75}},"313":{"start":{"line":314,"column":0},"end":{"line":314,"column":41}},"314":{"start":{"line":315,"column":0},"end":{"line":315,"column":11}},"315":{"start":{"line":316,"column":0},"end":{"line":316,"column":30}},"316":{"start":{"line":317,"column":0},"end":{"line":317,"column":7}},"317":{"start":{"line":318,"column":0},"end":{"line":318,"column":30}},"318":{"start":{"line":319,"column":0},"end":{"line":319,"column":38}},"319":{"start":{"line":320,"column":0},"end":{"line":320,"column":37}},"320":{"start":{"line":321,"column":0},"end":{"line":321,"column":30}},"321":{"start":{"line":322,"column":0},"end":{"line":322,"column":14}},"322":{"start":{"line":323,"column":0},"end":{"line":323,"column":17}},"323":{"start":{"line":324,"column":0},"end":{"line":324,"column":15}},"324":{"start":{"line":325,"column":0},"end":{"line":325,"column":19}},"325":{"start":{"line":326,"column":0},"end":{"line":326,"column":24}},"326":{"start":{"line":327,"column":0},"end":{"line":327,"column":23}},"327":{"start":{"line":328,"column":0},"end":{"line":328,"column":11}},"328":{"start":{"line":329,"column":0},"end":{"line":329,"column":24}},"329":{"start":{"line":330,"column":0},"end":{"line":330,"column":19}},"330":{"start":{"line":331,"column":0},"end":{"line":331,"column":70}},"331":{"start":{"line":332,"column":0},"end":{"line":332,"column":14}},"332":{"start":{"line":333,"column":0},"end":{"line":333,"column":12}},"333":{"start":{"line":334,"column":0},"end":{"line":334,"column":11}},"334":{"start":{"line":335,"column":0},"end":{"line":335,"column":25}},"335":{"start":{"line":336,"column":0},"end":{"line":336,"column":19}},"336":{"start":{"line":337,"column":0},"end":{"line":337,"column":70}},"337":{"start":{"line":338,"column":0},"end":{"line":338,"column":14}},"338":{"start":{"line":339,"column":0},"end":{"line":339,"column":12}},"339":{"start":{"line":340,"column":0},"end":{"line":340,"column":10}},"340":{"start":{"line":341,"column":0},"end":{"line":341,"column":15}},"341":{"start":{"line":342,"column":0},"end":{"line":342,"column":15}},"343":{"start":{"line":344,"column":0},"end":{"line":344,"column":55}},"344":{"start":{"line":345,"column":0},"end":{"line":345,"column":15}},"345":{"start":{"line":346,"column":0},"end":{"line":346,"column":33}},"346":{"start":{"line":347,"column":0},"end":{"line":347,"column":13}},"347":{"start":{"line":348,"column":0},"end":{"line":348,"column":3}},"348":{"start":{"line":349,"column":0},"end":{"line":349,"column":1}}},"s":{"5":1,"6":1,"7":1,"8":1,"21":8,"22":8,"23":8,"24":0,"26":8,"28":43,"29":43,"30":43,"31":0,"33":43,"35":43,"36":43,"37":43,"42":43,"43":43,"44":43,"45":43,"46":43,"47":43,"49":7,"50":7,"51":0,"52":0,"53":0,"54":7,"55":7,"56":7,"57":7,"59":12,"60":12,"61":12,"62":12,"63":12,"64":12,"65":12,"66":12,"67":12,"68":12,"69":12,"70":1,"71":1,"72":1,"73":12,"75":1,"76":1,"77":12,"78":1,"79":1,"80":1,"82":9,"83":9,"84":9,"85":9,"86":9,"87":9,"88":8,"89":8,"90":8,"91":8,"92":8,"93":8,"94":8,"95":8,"96":9,"97":7,"98":7,"99":7,"100":7,"101":0,"102":7,"103":7,"104":7,"105":7,"106":7,"107":7,"108":1,"109":1,"110":8,"111":9,"112":7,"113":7,"114":8,"115":8,"117":10,"118":10,"119":10,"120":10,"121":10,"122":10,"123":10,"124":10,"125":10,"126":10,"127":10,"128":10,"129":10,"130":10,"131":10,"132":10,"133":10,"134":10,"135":10,"136":10,"138":10,"139":10,"141":10,"142":10,"143":1,"144":1,"145":1,"146":10,"154":9,"155":9,"156":9,"157":9,"158":9,"159":9,"160":9,"161":9,"162":1,"163":1,"164":1,"165":1,"166":1,"167":1,"168":8,"169":8,"170":8,"171":8,"172":8,"173":8,"174":8,"175":8,"176":8,"177":8,"178":8,"179":8,"180":8,"181":9,"182":14,"183":14,"184":14,"185":14,"186":14,"187":14,"188":14,"189":14,"190":14,"191":7,"192":7,"193":7,"194":7,"195":14,"196":14,"197":14,"199":14,"200":14,"201":14,"202":14,"203":14,"204":14,"205":14,"206":14,"207":7,"208":1,"209":1,"210":8,"211":9,"212":7,"213":7,"214":8,"215":9,"216":7,"217":7,"218":8,"219":9,"220":7,"221":7,"222":7,"223":7,"224":7,"225":8,"226":8,"228":10,"229":10,"230":10,"231":10,"232":10,"233":10,"234":10,"235":10,"236":10,"237":10,"238":10,"239":10,"240":10,"241":10,"242":10,"243":10,"244":10,"246":10,"247":10,"249":10,"250":8,"251":8,"252":8,"253":8,"254":8,"255":8,"256":8,"257":8,"258":8,"259":8,"260":8,"261":8,"262":8,"263":8,"264":8,"265":8,"266":8,"267":10,"268":10,"269":1,"270":1,"271":1,"272":10,"274":1,"275":1,"283":2,"284":2,"285":2,"286":2,"287":2,"288":2,"289":2,"290":2,"291":2,"292":2,"293":2,"294":2,"295":2,"296":2,"297":2,"298":2,"299":2,"300":2,"301":2,"302":2,"303":2,"304":2,"305":2,"306":1,"307":1,"308":1,"309":2,"311":1,"313":9,"314":9,"315":9,"316":9,"317":9,"318":9,"319":9,"320":9,"321":9,"322":9,"323":9,"324":9,"325":9,"326":9,"327":9,"328":9,"329":9,"330":9,"331":9,"332":9,"333":9,"334":9,"335":9,"336":9,"337":9,"338":9,"339":9,"340":9,"341":9,"343":9,"344":9,"345":1,"346":1,"347":1,"348":9},"branchMap":{"0":{"type":"branch","line":22,"loc":{"start":{"line":22,"column":0},"end":{"line":27,"column":1}},"locations":[{"start":{"line":22,"column":0},"end":{"line":27,"column":1}}]},"1":{"type":"branch","line":24,"loc":{"start":{"line":24,"column":59},"end":{"line":25,"column":27}},"locations":[{"start":{"line":24,"column":59},"end":{"line":25,"column":27}}]},"2":{"type":"branch","line":29,"loc":{"start":{"line":29,"column":0},"end":{"line":34,"column":1}},"locations":[{"start":{"line":29,"column":0},"end":{"line":34,"column":1}}]},"3":{"type":"branch","line":31,"loc":{"start":{"line":31,"column":56},"end":{"line":32,"column":23}},"locations":[{"start":{"line":31,"column":56},"end":{"line":32,"column":23}}]},"4":{"type":"branch","line":36,"loc":{"start":{"line":36,"column":0},"end":{"line":38,"column":1}},"locations":[{"start":{"line":36,"column":0},"end":{"line":38,"column":1}}]},"5":{"type":"branch","line":37,"loc":{"start":{"line":37,"column":42},"end":{"line":37,"column":49}},"locations":[{"start":{"line":37,"column":42},"end":{"line":37,"column":49}}]},"6":{"type":"branch","line":43,"loc":{"start":{"line":43,"column":0},"end":{"line":48,"column":1}},"locations":[{"start":{"line":43,"column":0},"end":{"line":48,"column":1}}]},"7":{"type":"branch","line":47,"loc":{"start":{"line":47,"column":9},"end":{"line":47,"column":49}},"locations":[{"start":{"line":47,"column":9},"end":{"line":47,"column":49}}]},"8":{"type":"branch","line":47,"loc":{"start":{"line":47,"column":45},"end":{"line":47,"column":53}},"locations":[{"start":{"line":47,"column":45},"end":{"line":47,"column":53}}]},"9":{"type":"branch","line":50,"loc":{"start":{"line":50,"column":0},"end":{"line":58,"column":1}},"locations":[{"start":{"line":50,"column":0},"end":{"line":58,"column":1}}]},"10":{"type":"branch","line":51,"loc":{"start":{"line":51,"column":46},"end":{"line":55,"column":31}},"locations":[{"start":{"line":51,"column":46},"end":{"line":55,"column":31}}]},"11":{"type":"branch","line":55,"loc":{"start":{"line":55,"column":20},"end":{"line":55,"column":45}},"locations":[{"start":{"line":55,"column":20},"end":{"line":55,"column":45}}]},"12":{"type":"branch","line":55,"loc":{"start":{"line":55,"column":34},"end":{"line":55,"column":57}},"locations":[{"start":{"line":55,"column":34},"end":{"line":55,"column":57}}]},"13":{"type":"branch","line":60,"loc":{"start":{"line":60,"column":0},"end":{"line":74,"column":1}},"locations":[{"start":{"line":60,"column":0},"end":{"line":74,"column":1}}]},"14":{"type":"branch","line":68,"loc":{"start":{"line":68,"column":4},"end":{"line":69,"column":46}},"locations":[{"start":{"line":68,"column":4},"end":{"line":69,"column":46}}]},"15":{"type":"branch","line":69,"loc":{"start":{"line":69,"column":13},"end":{"line":69,"column":50}},"locations":[{"start":{"line":69,"column":13},"end":{"line":69,"column":50}}]},"16":{"type":"branch","line":69,"loc":{"start":{"line":69,"column":51},"end":{"line":69,"column":60}},"locations":[{"start":{"line":69,"column":51},"end":{"line":69,"column":60}}]},"17":{"type":"branch","line":70,"loc":{"start":{"line":70,"column":2},"end":{"line":73,"column":3}},"locations":[{"start":{"line":70,"column":2},"end":{"line":73,"column":3}}]},"18":{"type":"branch","line":77,"loc":{"start":{"line":77,"column":2},"end":{"line":78,"column":51}},"locations":[{"start":{"line":77,"column":2},"end":{"line":78,"column":51}}]},"19":{"type":"branch","line":83,"loc":{"start":{"line":83,"column":0},"end":{"line":116,"column":1}},"locations":[{"start":{"line":83,"column":0},"end":{"line":116,"column":1}}]},"20":{"type":"branch","line":88,"loc":{"start":{"line":88,"column":30},"end":{"line":88,"column":46}},"locations":[{"start":{"line":88,"column":30},"end":{"line":88,"column":46}}]},"21":{"type":"branch","line":88,"loc":{"start":{"line":88,"column":45},"end":{"line":96,"column":14}},"locations":[{"start":{"line":88,"column":45},"end":{"line":96,"column":14}}]},"22":{"type":"branch","line":96,"loc":{"start":{"line":96,"column":4},"end":{"line":97,"column":30}},"locations":[{"start":{"line":96,"column":4},"end":{"line":97,"column":30}}]},"23":{"type":"branch","line":97,"loc":{"start":{"line":97,"column":22},"end":{"line":97,"column":34}},"locations":[{"start":{"line":97,"column":22},"end":{"line":97,"column":34}}]},"24":{"type":"branch","line":97,"loc":{"start":{"line":97,"column":34},"end":{"line":110,"column":3}},"locations":[{"start":{"line":97,"column":34},"end":{"line":110,"column":3}}]},"25":{"type":"branch","line":101,"loc":{"start":{"line":101,"column":36},"end":{"line":102,"column":10}},"locations":[{"start":{"line":101,"column":36},"end":{"line":102,"column":10}}]},"26":{"type":"branch","line":103,"loc":{"start":{"line":103,"column":42},"end":{"line":103,"column":50}},"locations":[{"start":{"line":103,"column":42},"end":{"line":103,"column":50}}]},"27":{"type":"branch","line":108,"loc":{"start":{"line":108,"column":2},"end":{"line":110,"column":3}},"locations":[{"start":{"line":108,"column":2},"end":{"line":110,"column":3}}]},"28":{"type":"branch","line":110,"loc":{"start":{"line":110,"column":2},"end":{"line":112,"column":33}},"locations":[{"start":{"line":110,"column":2},"end":{"line":112,"column":33}}]},"29":{"type":"branch","line":112,"loc":{"start":{"line":112,"column":33},"end":{"line":114,"column":3}},"locations":[{"start":{"line":112,"column":33},"end":{"line":114,"column":3}}]},"30":{"type":"branch","line":114,"loc":{"start":{"line":114,"column":2},"end":{"line":116,"column":1}},"locations":[{"start":{"line":114,"column":2},"end":{"line":116,"column":1}}]},"31":{"type":"branch","line":118,"loc":{"start":{"line":118,"column":0},"end":{"line":147,"column":1}},"locations":[{"start":{"line":118,"column":0},"end":{"line":147,"column":1}}]},"32":{"type":"branch","line":137,"loc":{"start":{"line":137,"column":4},"end":{"line":139,"column":24}},"locations":[{"start":{"line":137,"column":4},"end":{"line":139,"column":24}}]},"33":{"type":"branch","line":139,"loc":{"start":{"line":139,"column":17},"end":{"line":139,"column":28}},"locations":[{"start":{"line":139,"column":17},"end":{"line":139,"column":28}}]},"34":{"type":"branch","line":140,"loc":{"start":{"line":140,"column":54},"end":{"line":142,"column":19}},"locations":[{"start":{"line":140,"column":54},"end":{"line":142,"column":19}}]},"35":{"type":"branch","line":142,"loc":{"start":{"line":142,"column":12},"end":{"line":142,"column":23}},"locations":[{"start":{"line":142,"column":12},"end":{"line":142,"column":23}}]},"36":{"type":"branch","line":143,"loc":{"start":{"line":143,"column":2},"end":{"line":146,"column":3}},"locations":[{"start":{"line":143,"column":2},"end":{"line":146,"column":3}}]},"37":{"type":"branch","line":139,"loc":{"start":{"line":139,"column":32},"end":{"line":139,"column":51}},"locations":[{"start":{"line":139,"column":32},"end":{"line":139,"column":51}}]},"38":{"type":"branch","line":142,"loc":{"start":{"line":142,"column":27},"end":{"line":142,"column":63}},"locations":[{"start":{"line":142,"column":27},"end":{"line":142,"column":63}}]},"39":{"type":"branch","line":155,"loc":{"start":{"line":155,"column":0},"end":{"line":227,"column":1}},"locations":[{"start":{"line":155,"column":0},"end":{"line":227,"column":1}}]},"40":{"type":"branch","line":162,"loc":{"start":{"line":162,"column":31},"end":{"line":168,"column":3}},"locations":[{"start":{"line":162,"column":31},"end":{"line":168,"column":3}}]},"41":{"type":"branch","line":168,"loc":{"start":{"line":168,"column":2},"end":{"line":181,"column":15}},"locations":[{"start":{"line":168,"column":2},"end":{"line":181,"column":15}}]},"42":{"type":"branch","line":181,"loc":{"start":{"line":181,"column":4},"end":{"line":182,"column":30}},"locations":[{"start":{"line":181,"column":4},"end":{"line":182,"column":30}}]},"43":{"type":"branch","line":182,"loc":{"start":{"line":182,"column":22},"end":{"line":182,"column":34}},"locations":[{"start":{"line":182,"column":22},"end":{"line":182,"column":34}}]},"44":{"type":"branch","line":182,"loc":{"start":{"line":182,"column":34},"end":{"line":207,"column":5}},"locations":[{"start":{"line":182,"column":34},"end":{"line":207,"column":5}}]},"45":{"type":"branch","line":184,"loc":{"start":{"line":184,"column":33},"end":{"line":184,"column":41}},"locations":[{"start":{"line":184,"column":33},"end":{"line":184,"column":41}}]},"46":{"type":"branch","line":186,"loc":{"start":{"line":186,"column":37},"end":{"line":186,"column":51}},"locations":[{"start":{"line":186,"column":37},"end":{"line":186,"column":51}}]},"47":{"type":"branch","line":186,"loc":{"start":{"line":186,"column":47},"end":{"line":186,"column":55}},"locations":[{"start":{"line":186,"column":47},"end":{"line":186,"column":55}}]},"48":{"type":"branch","line":187,"loc":{"start":{"line":187,"column":45},"end":{"line":187,"column":53}},"locations":[{"start":{"line":187,"column":45},"end":{"line":187,"column":53}}]},"49":{"type":"branch","line":189,"loc":{"start":{"line":189,"column":40},"end":{"line":189,"column":50}},"locations":[{"start":{"line":189,"column":40},"end":{"line":189,"column":50}}]},"50":{"type":"branch","line":190,"loc":{"start":{"line":190,"column":36},"end":{"line":190,"column":44}},"locations":[{"start":{"line":190,"column":36},"end":{"line":190,"column":44}}]},"51":{"type":"branch","line":191,"loc":{"start":{"line":191,"column":16},"end":{"line":195,"column":7}},"locations":[{"start":{"line":191,"column":16},"end":{"line":195,"column":7}}]},"52":{"type":"branch","line":196,"loc":{"start":{"line":196,"column":33},"end":{"line":196,"column":40}},"locations":[{"start":{"line":196,"column":33},"end":{"line":196,"column":40}}]},"53":{"type":"branch","line":201,"loc":{"start":{"line":201,"column":8},"end":{"line":201,"column":74}},"locations":[{"start":{"line":201,"column":8},"end":{"line":201,"column":74}}]},"54":{"type":"branch","line":201,"loc":{"start":{"line":201,"column":66},"end":{"line":201,"column":74}},"locations":[{"start":{"line":201,"column":66},"end":{"line":201,"column":74}}]},"55":{"type":"branch","line":203,"loc":{"start":{"line":203,"column":37},"end":{"line":203,"column":67}},"locations":[{"start":{"line":203,"column":37},"end":{"line":203,"column":67}}]},"56":{"type":"branch","line":207,"loc":{"start":{"line":207,"column":4},"end":{"line":210,"column":3}},"locations":[{"start":{"line":207,"column":4},"end":{"line":210,"column":3}}]},"57":{"type":"branch","line":208,"loc":{"start":{"line":208,"column":2},"end":{"line":210,"column":3}},"locations":[{"start":{"line":208,"column":2},"end":{"line":210,"column":3}}]},"58":{"type":"branch","line":210,"loc":{"start":{"line":210,"column":2},"end":{"line":212,"column":39}},"locations":[{"start":{"line":210,"column":2},"end":{"line":212,"column":39}}]},"59":{"type":"branch","line":212,"loc":{"start":{"line":212,"column":39},"end":{"line":214,"column":3}},"locations":[{"start":{"line":212,"column":39},"end":{"line":214,"column":3}}]},"60":{"type":"branch","line":214,"loc":{"start":{"line":214,"column":2},"end":{"line":216,"column":35}},"locations":[{"start":{"line":214,"column":2},"end":{"line":216,"column":35}}]},"61":{"type":"branch","line":216,"loc":{"start":{"line":216,"column":35},"end":{"line":218,"column":3}},"locations":[{"start":{"line":216,"column":35},"end":{"line":218,"column":3}}]},"62":{"type":"branch","line":218,"loc":{"start":{"line":218,"column":2},"end":{"line":220,"column":38}},"locations":[{"start":{"line":218,"column":2},"end":{"line":220,"column":38}}]},"63":{"type":"branch","line":220,"loc":{"start":{"line":220,"column":38},"end":{"line":225,"column":3}},"locations":[{"start":{"line":220,"column":38},"end":{"line":225,"column":3}}]},"64":{"type":"branch","line":225,"loc":{"start":{"line":225,"column":2},"end":{"line":227,"column":1}},"locations":[{"start":{"line":225,"column":2},"end":{"line":227,"column":1}}]},"65":{"type":"branch","line":222,"loc":{"start":{"line":222,"column":11},"end":{"line":222,"column":61}},"locations":[{"start":{"line":222,"column":11},"end":{"line":222,"column":61}}]},"66":{"type":"branch","line":223,"loc":{"start":{"line":223,"column":12},"end":{"line":223,"column":56}},"locations":[{"start":{"line":223,"column":12},"end":{"line":223,"column":56}}]},"67":{"type":"branch","line":229,"loc":{"start":{"line":229,"column":0},"end":{"line":273,"column":1}},"locations":[{"start":{"line":229,"column":0},"end":{"line":273,"column":1}}]},"68":{"type":"branch","line":245,"loc":{"start":{"line":245,"column":4},"end":{"line":247,"column":24}},"locations":[{"start":{"line":245,"column":4},"end":{"line":247,"column":24}}]},"69":{"type":"branch","line":247,"loc":{"start":{"line":247,"column":17},"end":{"line":247,"column":28}},"locations":[{"start":{"line":247,"column":17},"end":{"line":247,"column":28}}]},"70":{"type":"branch","line":248,"loc":{"start":{"line":248,"column":68},"end":{"line":250,"column":19}},"locations":[{"start":{"line":248,"column":68},"end":{"line":250,"column":19}}]},"71":{"type":"branch","line":250,"loc":{"start":{"line":250,"column":12},"end":{"line":250,"column":23}},"locations":[{"start":{"line":250,"column":12},"end":{"line":250,"column":23}}]},"72":{"type":"branch","line":269,"loc":{"start":{"line":269,"column":2},"end":{"line":272,"column":3}},"locations":[{"start":{"line":269,"column":2},"end":{"line":272,"column":3}}]},"73":{"type":"branch","line":247,"loc":{"start":{"line":247,"column":32},"end":{"line":247,"column":51}},"locations":[{"start":{"line":247,"column":32},"end":{"line":247,"column":51}}]},"74":{"type":"branch","line":250,"loc":{"start":{"line":250,"column":27},"end":{"line":268,"column":5}},"locations":[{"start":{"line":250,"column":27},"end":{"line":268,"column":5}}]},"75":{"type":"branch","line":254,"loc":{"start":{"line":254,"column":25},"end":{"line":254,"column":36}},"locations":[{"start":{"line":254,"column":25},"end":{"line":254,"column":36}}]},"76":{"type":"branch","line":255,"loc":{"start":{"line":255,"column":31},"end":{"line":255,"column":51}},"locations":[{"start":{"line":255,"column":31},"end":{"line":255,"column":51}}]},"77":{"type":"branch","line":256,"loc":{"start":{"line":256,"column":28},"end":{"line":256,"column":39}},"locations":[{"start":{"line":256,"column":28},"end":{"line":256,"column":39}}]},"78":{"type":"branch","line":257,"loc":{"start":{"line":257,"column":29},"end":{"line":257,"column":43}},"locations":[{"start":{"line":257,"column":29},"end":{"line":257,"column":43}}]},"79":{"type":"branch","line":258,"loc":{"start":{"line":258,"column":28},"end":{"line":258,"column":53}},"locations":[{"start":{"line":258,"column":28},"end":{"line":258,"column":53}}]},"80":{"type":"branch","line":259,"loc":{"start":{"line":259,"column":28},"end":{"line":259,"column":41}},"locations":[{"start":{"line":259,"column":28},"end":{"line":259,"column":41}}]},"81":{"type":"branch","line":260,"loc":{"start":{"line":260,"column":47},"end":{"line":260,"column":55}},"locations":[{"start":{"line":260,"column":47},"end":{"line":260,"column":55}}]},"82":{"type":"branch","line":261,"loc":{"start":{"line":261,"column":59},"end":{"line":261,"column":67}},"locations":[{"start":{"line":261,"column":59},"end":{"line":261,"column":67}}]},"83":{"type":"branch","line":262,"loc":{"start":{"line":262,"column":59},"end":{"line":262,"column":67}},"locations":[{"start":{"line":262,"column":59},"end":{"line":262,"column":67}}]},"84":{"type":"branch","line":284,"loc":{"start":{"line":284,"column":0},"end":{"line":310,"column":1}},"locations":[{"start":{"line":284,"column":0},"end":{"line":310,"column":1}}]},"85":{"type":"branch","line":293,"loc":{"start":{"line":293,"column":4},"end":{"line":294,"column":19}},"locations":[{"start":{"line":293,"column":4},"end":{"line":294,"column":19}}]},"86":{"type":"branch","line":294,"loc":{"start":{"line":294,"column":12},"end":{"line":294,"column":22}},"locations":[{"start":{"line":294,"column":12},"end":{"line":294,"column":22}}]},"87":{"type":"branch","line":306,"loc":{"start":{"line":306,"column":2},"end":{"line":309,"column":3}},"locations":[{"start":{"line":306,"column":2},"end":{"line":309,"column":3}}]},"88":{"type":"branch","line":295,"loc":{"start":{"line":295,"column":11},"end":{"line":304,"column":7}},"locations":[{"start":{"line":295,"column":11},"end":{"line":304,"column":7}}]},"89":{"type":"branch","line":297,"loc":{"start":{"line":297,"column":30},"end":{"line":297,"column":40}},"locations":[{"start":{"line":297,"column":30},"end":{"line":297,"column":40}}]},"90":{"type":"branch","line":298,"loc":{"start":{"line":298,"column":31},"end":{"line":298,"column":62}},"locations":[{"start":{"line":298,"column":31},"end":{"line":298,"column":62}}]},"91":{"type":"branch","line":298,"loc":{"start":{"line":298,"column":58},"end":{"line":298,"column":64}},"locations":[{"start":{"line":298,"column":58},"end":{"line":298,"column":64}}]},"92":{"type":"branch","line":301,"loc":{"start":{"line":301,"column":16},"end":{"line":301,"column":46}},"locations":[{"start":{"line":301,"column":16},"end":{"line":301,"column":46}}]},"93":{"type":"branch","line":302,"loc":{"start":{"line":302,"column":16},"end":{"line":302,"column":34}},"locations":[{"start":{"line":302,"column":16},"end":{"line":302,"column":34}}]},"94":{"type":"branch","line":305,"loc":{"start":{"line":305,"column":14},"end":{"line":305,"column":42}},"locations":[{"start":{"line":305,"column":14},"end":{"line":305,"column":42}}]},"95":{"type":"branch","line":314,"loc":{"start":{"line":314,"column":0},"end":{"line":349,"column":1}},"locations":[{"start":{"line":314,"column":0},"end":{"line":349,"column":1}}]},"96":{"type":"branch","line":342,"loc":{"start":{"line":342,"column":4},"end":{"line":344,"column":19}},"locations":[{"start":{"line":342,"column":4},"end":{"line":344,"column":19}}]},"97":{"type":"branch","line":344,"loc":{"start":{"line":344,"column":12},"end":{"line":344,"column":23}},"locations":[{"start":{"line":344,"column":12},"end":{"line":344,"column":23}}]},"98":{"type":"branch","line":345,"loc":{"start":{"line":345,"column":2},"end":{"line":348,"column":3}},"locations":[{"start":{"line":345,"column":2},"end":{"line":348,"column":3}}]},"99":{"type":"branch","line":344,"loc":{"start":{"line":344,"column":27},"end":{"line":344,"column":54}},"locations":[{"start":{"line":344,"column":27},"end":{"line":344,"column":54}}]}},"b":{"0":[8],"1":[0],"2":[43],"3":[0],"4":[43],"5":[1],"6":[43],"7":[42],"8":[1],"9":[7],"10":[0],"11":[0],"12":[0],"13":[12],"14":[11],"15":[0],"16":[1],"17":[1],"18":[12],"19":[9],"20":[1],"21":[8],"22":[7],"23":[0],"24":[7],"25":[0],"26":[0],"27":[1],"28":[8],"29":[7],"30":[8],"31":[10],"32":[9],"33":[0],"34":[9],"35":[0],"36":[1],"37":[8],"38":[8],"39":[9],"40":[1],"41":[8],"42":[7],"43":[0],"44":[14],"45":[0],"46":[7],"47":[7],"48":[0],"49":[0],"50":[0],"51":[7],"52":[7],"53":[7],"54":[0],"55":[7],"56":[7],"57":[1],"58":[8],"59":[7],"60":[8],"61":[7],"62":[8],"63":[7],"64":[8],"65":[14],"66":[7],"67":[10],"68":[9],"69":[0],"70":[9],"71":[0],"72":[1],"73":[8],"74":[8],"75":[0],"76":[0],"77":[0],"78":[0],"79":[0],"80":[0],"81":[1],"82":[1],"83":[1],"84":[2],"85":[1],"86":[0],"87":[1],"88":[2],"89":[0],"90":[1],"91":[1],"92":[1],"93":[1],"94":[2],"95":[9],"96":[8],"97":[0],"98":[1],"99":[9]},"fnMap":{"0":{"name":"directusPublicUrl","decl":{"start":{"line":22,"column":0},"end":{"line":27,"column":1}},"loc":{"start":{"line":22,"column":0},"end":{"line":27,"column":1}},"line":22},"1":{"name":"directusServerUrl","decl":{"start":{"line":29,"column":0},"end":{"line":34,"column":1}},"loc":{"start":{"line":29,"column":0},"end":{"line":34,"column":1}},"line":29},"2":{"name":"directusToken","decl":{"start":{"line":36,"column":0},"end":{"line":38,"column":1}},"loc":{"start":{"line":36,"column":0},"end":{"line":38,"column":1}},"line":36},"3":{"name":"getClient","decl":{"start":{"line":43,"column":0},"end":{"line":48,"column":1}},"loc":{"start":{"line":43,"column":0},"end":{"line":48,"column":1}},"line":43},"4":{"name":"warnDevDirectus","decl":{"start":{"line":50,"column":0},"end":{"line":58,"column":1}},"loc":{"start":{"line":50,"column":0},"end":{"line":58,"column":1}},"line":50},"5":{"name":"readSiteSettingsRow","decl":{"start":{"line":60,"column":0},"end":{"line":74,"column":1}},"loc":{"start":{"line":60,"column":0},"end":{"line":74,"column":1}},"line":60},"6":{"name":"getMergedSiteSettings.revalidate","decl":{"start":{"line":77,"column":2},"end":{"line":78,"column":51}},"loc":{"start":{"line":77,"column":2},"end":{"line":78,"column":51}},"line":77},"7":{"name":"loadSpecialtyMap","decl":{"start":{"line":83,"column":0},"end":{"line":116,"column":1}},"loc":{"start":{"line":83,"column":0},"end":{"line":116,"column":1}},"line":83},"8":{"name":"fetchLandingDoctors","decl":{"start":{"line":118,"column":0},"end":{"line":147,"column":1}},"loc":{"start":{"line":118,"column":0},"end":{"line":147,"column":1}},"line":118},"9":{"name":"loadServiceSpecializationIndex","decl":{"start":{"line":155,"column":0},"end":{"line":227,"column":1}},"loc":{"start":{"line":155,"column":0},"end":{"line":227,"column":1}},"line":155},"10":{"name":"fetchLandingServices","decl":{"start":{"line":229,"column":0},"end":{"line":273,"column":1}},"loc":{"start":{"line":229,"column":0},"end":{"line":273,"column":1}},"line":229},"11":{"name":"fetchLandingSpecializations","decl":{"start":{"line":284,"column":0},"end":{"line":310,"column":1}},"loc":{"start":{"line":284,"column":0},"end":{"line":310,"column":1}},"line":284},"12":{"name":"getLandingReviews","decl":{"start":{"line":314,"column":0},"end":{"line":349,"column":1}},"loc":{"start":{"line":314,"column":0},"end":{"line":349,"column":1}},"line":314}},"f":{"0":8,"1":43,"2":43,"3":43,"4":7,"5":12,"6":12,"7":9,"8":10,"9":9,"10":10,"11":2,"12":9}}
,"C:\\Users\\zeeit\\OneDrive\\Desktop\\kursovaya\\modules\\landing\\lib\\cms\\images.ts": {"path":"C:\\Users\\zeeit\\OneDrive\\Desktop\\kursovaya\\modules\\landing\\lib\\cms\\images.ts","all":false,"statementMap":{"2":{"start":{"line":3,"column":0},"end":{"line":3,"column":26}},"3":{"start":{"line":4,"column":0},"end":{"line":4,"column":67}},"5":{"start":{"line":6,"column":0},"end":{"line":6,"column":53}},"6":{"start":{"line":7,"column":0},"end":{"line":7,"column":24}},"7":{"start":{"line":8,"column":0},"end":{"line":8,"column":60}},"8":{"start":{"line":9,"column":0},"end":{"line":9,"column":1}},"11":{"start":{"line":12,"column":0},"end":{"line":12,"column":51}},"12":{"start":{"line":13,"column":0},"end":{"line":13,"column":75}},"13":{"start":{"line":14,"column":0},"end":{"line":14,"column":1}},"15":{"start":{"line":16,"column":0},"end":{"line":16,"column":65}},"16":{"start":{"line":17,"column":0},"end":{"line":17,"column":22}},"17":{"start":{"line":18,"column":0},"end":{"line":18,"column":89}},"18":{"start":{"line":19,"column":0},"end":{"line":19,"column":3}},"19":{"start":{"line":20,"column":0},"end":{"line":20,"column":24}},"20":{"start":{"line":21,"column":0},"end":{"line":21,"column":1}},"26":{"start":{"line":27,"column":0},"end":{"line":27,"column":35}},"27":{"start":{"line":28,"column":0},"end":{"line":28,"column":78}},"28":{"start":{"line":29,"column":0},"end":{"line":29,"column":31}},"29":{"start":{"line":30,"column":0},"end":{"line":30,"column":18}},"30":{"start":{"line":31,"column":0},"end":{"line":31,"column":55}},"31":{"start":{"line":32,"column":0},"end":{"line":32,"column":48}},"32":{"start":{"line":33,"column":0},"end":{"line":33,"column":48}},"33":{"start":{"line":34,"column":0},"end":{"line":34,"column":33}},"34":{"start":{"line":35,"column":0},"end":{"line":35,"column":3}},"35":{"start":{"line":36,"column":0},"end":{"line":36,"column":50}},"36":{"start":{"line":37,"column":0},"end":{"line":37,"column":23}},"37":{"start":{"line":38,"column":0},"end":{"line":38,"column":40}},"38":{"start":{"line":39,"column":0},"end":{"line":39,"column":64}},"39":{"start":{"line":40,"column":0},"end":{"line":40,"column":51}},"40":{"start":{"line":41,"column":0},"end":{"line":41,"column":50}},"41":{"start":{"line":42,"column":0},"end":{"line":42,"column":76}},"42":{"start":{"line":43,"column":0},"end":{"line":43,"column":3}},"43":{"start":{"line":44,"column":0},"end":{"line":44,"column":53}},"44":{"start":{"line":45,"column":0},"end":{"line":45,"column":14}},"45":{"start":{"line":46,"column":0},"end":{"line":46,"column":3}},"46":{"start":{"line":47,"column":0},"end":{"line":47,"column":37}},"47":{"start":{"line":48,"column":0},"end":{"line":48,"column":31}},"48":{"start":{"line":49,"column":0},"end":{"line":49,"column":3}},"49":{"start":{"line":50,"column":0},"end":{"line":50,"column":13}},"50":{"start":{"line":51,"column":0},"end":{"line":51,"column":1}},"53":{"start":{"line":54,"column":0},"end":{"line":54,"column":66}},"54":{"start":{"line":55,"column":0},"end":{"line":55,"column":72}},"55":{"start":{"line":56,"column":0},"end":{"line":56,"column":1}},"58":{"start":{"line":59,"column":0},"end":{"line":59,"column":84}},"59":{"start":{"line":60,"column":0},"end":{"line":60,"column":27}},"60":{"start":{"line":61,"column":0},"end":{"line":61,"column":22}},"61":{"start":{"line":62,"column":0},"end":{"line":62,"column":38}},"62":{"start":{"line":63,"column":0},"end":{"line":63,"column":61}},"63":{"start":{"line":64,"column":0},"end":{"line":64,"column":13}},"64":{"start":{"line":65,"column":0},"end":{"line":65,"column":1}}},"s":{"2":1,"3":1,"5":20,"6":20,"7":20,"8":20,"11":15,"12":15,"13":15,"15":2,"16":2,"17":2,"18":2,"19":2,"20":2,"26":1,"27":12,"28":12,"29":12,"30":12,"31":12,"32":12,"33":1,"34":1,"35":12,"36":12,"37":12,"38":12,"39":2,"40":2,"41":2,"42":2,"43":12,"44":1,"45":1,"46":12,"47":6,"48":6,"49":1,"50":1,"53":1,"54":33,"55":33,"58":1,"59":15,"60":15,"61":15,"62":9,"63":1,"64":1},"branchMap":{"0":{"type":"branch","line":6,"loc":{"start":{"line":6,"column":0},"end":{"line":9,"column":1}},"locations":[{"start":{"line":6,"column":0},"end":{"line":9,"column":1}}]},"1":{"type":"branch","line":12,"loc":{"start":{"line":12,"column":0},"end":{"line":14,"column":1}},"locations":[{"start":{"line":12,"column":0},"end":{"line":14,"column":1}}]},"2":{"type":"branch","line":16,"loc":{"start":{"line":16,"column":0},"end":{"line":21,"column":1}},"locations":[{"start":{"line":16,"column":0},"end":{"line":21,"column":1}}]},"3":{"type":"branch","line":20,"loc":{"start":{"line":20,"column":9},"end":{"line":20,"column":20}},"locations":[{"start":{"line":20,"column":9},"end":{"line":20,"column":20}}]},"4":{"type":"branch","line":20,"loc":{"start":{"line":20,"column":16},"end":{"line":20,"column":24}},"locations":[{"start":{"line":20,"column":16},"end":{"line":20,"column":24}}]},"5":{"type":"branch","line":27,"loc":{"start":{"line":27,"column":7},"end":{"line":51,"column":1}},"locations":[{"start":{"line":27,"column":7},"end":{"line":51,"column":1}}]},"6":{"type":"branch","line":32,"loc":{"start":{"line":32,"column":23},"end":{"line":32,"column":47}},"locations":[{"start":{"line":32,"column":23},"end":{"line":32,"column":47}}]},"7":{"type":"branch","line":33,"loc":{"start":{"line":33,"column":6},"end":{"line":33,"column":47}},"locations":[{"start":{"line":33,"column":6},"end":{"line":33,"column":47}}]},"8":{"type":"branch","line":33,"loc":{"start":{"line":33,"column":47},"end":{"line":35,"column":3}},"locations":[{"start":{"line":33,"column":47},"end":{"line":35,"column":3}}]},"9":{"type":"branch","line":35,"loc":{"start":{"line":35,"column":2},"end":{"line":36,"column":49}},"locations":[{"start":{"line":35,"column":2},"end":{"line":36,"column":49}}]},"10":{"type":"branch","line":37,"loc":{"start":{"line":37,"column":12},"end":{"line":37,"column":23}},"locations":[{"start":{"line":37,"column":12},"end":{"line":37,"column":23}}]},"11":{"type":"branch","line":37,"loc":{"start":{"line":37,"column":19},"end":{"line":38,"column":37}},"locations":[{"start":{"line":37,"column":19},"end":{"line":38,"column":37}}]},"12":{"type":"branch","line":38,"loc":{"start":{"line":38,"column":30},"end":{"line":38,"column":40}},"locations":[{"start":{"line":38,"column":30},"end":{"line":38,"column":40}}]},"13":{"type":"branch","line":38,"loc":{"start":{"line":38,"column":37},"end":{"line":39,"column":36}},"locations":[{"start":{"line":38,"column":37},"end":{"line":39,"column":36}}]},"14":{"type":"branch","line":39,"loc":{"start":{"line":39,"column":31},"end":{"line":39,"column":63}},"locations":[{"start":{"line":39,"column":31},"end":{"line":39,"column":63}}]},"15":{"type":"branch","line":39,"loc":{"start":{"line":39,"column":63},"end":{"line":44,"column":29}},"locations":[{"start":{"line":39,"column":63},"end":{"line":44,"column":29}}]},"16":{"type":"branch","line":39,"loc":{"start":{"line":39,"column":63},"end":{"line":43,"column":3}},"locations":[{"start":{"line":39,"column":63},"end":{"line":43,"column":3}}]},"17":{"type":"branch","line":41,"loc":{"start":{"line":41,"column":18},"end":{"line":42,"column":49}},"locations":[{"start":{"line":41,"column":18},"end":{"line":42,"column":49}}]},"18":{"type":"branch","line":42,"loc":{"start":{"line":42,"column":44},"end":{"line":42,"column":76}},"locations":[{"start":{"line":42,"column":44},"end":{"line":42,"column":76}}]},"19":{"type":"branch","line":44,"loc":{"start":{"line":44,"column":24},"end":{"line":44,"column":52}},"locations":[{"start":{"line":44,"column":24},"end":{"line":44,"column":52}}]},"20":{"type":"branch","line":44,"loc":{"start":{"line":44,"column":52},"end":{"line":47,"column":36}},"locations":[{"start":{"line":44,"column":52},"end":{"line":47,"column":36}}]},"21":{"type":"branch","line":44,"loc":{"start":{"line":44,"column":52},"end":{"line":46,"column":3}},"locations":[{"start":{"line":44,"column":52},"end":{"line":46,"column":3}}]},"22":{"type":"branch","line":47,"loc":{"start":{"line":47,"column":36},"end":{"line":49,"column":3}},"locations":[{"start":{"line":47,"column":36},"end":{"line":49,"column":3}}]},"23":{"type":"branch","line":49,"loc":{"start":{"line":49,"column":2},"end":{"line":51,"column":1}},"locations":[{"start":{"line":49,"column":2},"end":{"line":51,"column":1}}]},"24":{"type":"branch","line":54,"loc":{"start":{"line":54,"column":7},"end":{"line":56,"column":1}},"locations":[{"start":{"line":54,"column":7},"end":{"line":56,"column":1}}]},"25":{"type":"branch","line":55,"loc":{"start":{"line":55,"column":43},"end":{"line":55,"column":72}},"locations":[{"start":{"line":55,"column":43},"end":{"line":55,"column":72}}]},"26":{"type":"branch","line":59,"loc":{"start":{"line":59,"column":7},"end":{"line":65,"column":1}},"locations":[{"start":{"line":59,"column":7},"end":{"line":65,"column":1}}]},"27":{"type":"branch","line":60,"loc":{"start":{"line":60,"column":13},"end":{"line":60,"column":26}},"locations":[{"start":{"line":60,"column":13},"end":{"line":60,"column":26}}]},"28":{"type":"branch","line":61,"loc":{"start":{"line":61,"column":11},"end":{"line":62,"column":36}},"locations":[{"start":{"line":61,"column":11},"end":{"line":62,"column":36}}]},"29":{"type":"branch","line":61,"loc":{"start":{"line":61,"column":11},"end":{"line":61,"column":22}},"locations":[{"start":{"line":61,"column":11},"end":{"line":61,"column":22}}]},"30":{"type":"branch","line":62,"loc":{"start":{"line":62,"column":29},"end":{"line":62,"column":38}},"locations":[{"start":{"line":62,"column":29},"end":{"line":62,"column":38}}]},"31":{"type":"branch","line":62,"loc":{"start":{"line":62,"column":36},"end":{"line":63,"column":61}},"locations":[{"start":{"line":62,"column":36},"end":{"line":63,"column":61}}]},"32":{"type":"branch","line":62,"loc":{"start":{"line":62,"column":36},"end":{"line":63,"column":42}},"locations":[{"start":{"line":62,"column":36},"end":{"line":63,"column":42}}]},"33":{"type":"branch","line":63,"loc":{"start":{"line":63,"column":35},"end":{"line":63,"column":61}},"locations":[{"start":{"line":63,"column":35},"end":{"line":63,"column":61}}]},"34":{"type":"branch","line":63,"loc":{"start":{"line":63,"column":60},"end":{"line":65,"column":1}},"locations":[{"start":{"line":63,"column":60},"end":{"line":65,"column":1}}]}},"b":{"0":[20],"1":[15],"2":[2],"3":[1],"4":[1],"5":[12],"6":[1],"7":[1],"8":[1],"9":[11],"10":[0],"11":[11],"12":[1],"13":[10],"14":[8],"15":[8],"16":[2],"17":[1],"18":[0],"19":[1],"20":[7],"21":[1],"22":[6],"23":[1],"24":[33],"25":[8],"26":[15],"27":[9],"28":[9],"29":[6],"30":[1],"31":[9],"32":[8],"33":[7],"34":[1]},"fnMap":{"0":{"name":"isAbsoluteHttpUrl","decl":{"start":{"line":6,"column":0},"end":{"line":9,"column":1}},"loc":{"start":{"line":6,"column":0},"end":{"line":9,"column":1}},"line":6},"1":{"name":"proxiedAssetUrl","decl":{"start":{"line":12,"column":0},"end":{"line":14,"column":1}},"loc":{"start":{"line":12,"column":0},"end":{"line":14,"column":1}},"line":12},"2":{"name":"extractUuidFromAssetsPath","decl":{"start":{"line":16,"column":0},"end":{"line":21,"column":1}},"loc":{"start":{"line":16,"column":0},"end":{"line":21,"column":1}},"line":16},"3":{"name":"doctorPortraitSrc","decl":{"start":{"line":27,"column":7},"end":{"line":51,"column":1}},"loc":{"start":{"line":27,"column":7},"end":{"line":51,"column":1}},"line":27},"4":{"name":"isDirectusProxiedImageSrc","decl":{"start":{"line":54,"column":7},"end":{"line":56,"column":1}},"loc":{"start":{"line":54,"column":7},"end":{"line":56,"column":1}},"line":54},"5":{"name":"cmsFileAssetUrl","decl":{"start":{"line":59,"column":7},"end":{"line":65,"column":1}},"loc":{"start":{"line":59,"column":7},"end":{"line":65,"column":1}},"line":59}},"f":{"0":20,"1":15,"2":2,"3":12,"4":33,"5":15}}
,"C:\\Users\\zeeit\\OneDrive\\Desktop\\kursovaya\\modules\\landing\\lib\\cms\\merge-settings.ts": {"path":"C:\\Users\\zeeit\\OneDrive\\Desktop\\kursovaya\\modules\\landing\\lib\\cms\\merge-settings.ts","all":false,"statementMap":{"10":{"start":{"line":11,"column":0},"end":{"line":11,"column":53}},"11":{"start":{"line":12,"column":0},"end":{"line":12,"column":36}},"12":{"start":{"line":13,"column":0},"end":{"line":13,"column":30}},"13":{"start":{"line":14,"column":0},"end":{"line":14,"column":31}},"14":{"start":{"line":15,"column":0},"end":{"line":15,"column":57}},"15":{"start":{"line":16,"column":0},"end":{"line":16,"column":26}},"16":{"start":{"line":17,"column":0},"end":{"line":17,"column":49}},"17":{"start":{"line":18,"column":0},"end":{"line":18,"column":15}},"18":{"start":{"line":19,"column":0},"end":{"line":19,"column":100}},"19":{"start":{"line":20,"column":0},"end":{"line":20,"column":37}},"20":{"start":{"line":21,"column":0},"end":{"line":21,"column":18}},"21":{"start":{"line":22,"column":0},"end":{"line":22,"column":25}},"22":{"start":{"line":23,"column":0},"end":{"line":23,"column":99}},"23":{"start":{"line":24,"column":0},"end":{"line":24,"column":26}},"24":{"start":{"line":25,"column":0},"end":{"line":25,"column":87}},"25":{"start":{"line":26,"column":0},"end":{"line":26,"column":23}},"26":{"start":{"line":27,"column":0},"end":{"line":27,"column":94}},"27":{"start":{"line":28,"column":0},"end":{"line":28,"column":23}},"28":{"start":{"line":29,"column":0},"end":{"line":29,"column":22}},"29":{"start":{"line":30,"column":0},"end":{"line":30,"column":29}},"30":{"start":{"line":31,"column":0},"end":{"line":31,"column":29}},"31":{"start":{"line":32,"column":0},"end":{"line":32,"column":27}},"32":{"start":{"line":33,"column":0},"end":{"line":33,"column":34}},"33":{"start":{"line":34,"column":0},"end":{"line":34,"column":28}},"34":{"start":{"line":35,"column":0},"end":{"line":35,"column":28}},"35":{"start":{"line":36,"column":0},"end":{"line":36,"column":22}},"36":{"start":{"line":37,"column":0},"end":{"line":37,"column":5}},"37":{"start":{"line":38,"column":0},"end":{"line":38,"column":40}},"38":{"start":{"line":39,"column":0},"end":{"line":39,"column":88}},"39":{"start":{"line":40,"column":0},"end":{"line":40,"column":6}},"40":{"start":{"line":41,"column":0},"end":{"line":41,"column":5}},"41":{"start":{"line":42,"column":0},"end":{"line":42,"column":31}},"42":{"start":{"line":43,"column":0},"end":{"line":43,"column":104}},"43":{"start":{"line":44,"column":0},"end":{"line":44,"column":6}},"44":{"start":{"line":45,"column":0},"end":{"line":45,"column":5}},"45":{"start":{"line":46,"column":0},"end":{"line":46,"column":32}},"46":{"start":{"line":47,"column":0},"end":{"line":47,"column":86}},"47":{"start":{"line":48,"column":0},"end":{"line":48,"column":6}},"48":{"start":{"line":49,"column":0},"end":{"line":49,"column":4}},"49":{"start":{"line":50,"column":0},"end":{"line":50,"column":19}},"50":{"start":{"line":51,"column":0},"end":{"line":51,"column":45}},"51":{"start":{"line":52,"column":0},"end":{"line":52,"column":49}},"52":{"start":{"line":53,"column":0},"end":{"line":53,"column":4}},"53":{"start":{"line":54,"column":0},"end":{"line":54,"column":1}},"56":{"start":{"line":57,"column":0},"end":{"line":57,"column":77}},"57":{"start":{"line":58,"column":0},"end":{"line":58,"column":32}},"58":{"start":{"line":59,"column":0},"end":{"line":59,"column":34}},"59":{"start":{"line":60,"column":0},"end":{"line":60,"column":26}},"60":{"start":{"line":61,"column":0},"end":{"line":61,"column":20}},"61":{"start":{"line":62,"column":0},"end":{"line":62,"column":3}},"62":{"start":{"line":63,"column":0},"end":{"line":63,"column":52}},"63":{"start":{"line":64,"column":0},"end":{"line":64,"column":26}},"64":{"start":{"line":65,"column":0},"end":{"line":65,"column":65}},"65":{"start":{"line":66,"column":0},"end":{"line":66,"column":21}},"66":{"start":{"line":67,"column":0},"end":{"line":67,"column":33}},"67":{"start":{"line":68,"column":0},"end":{"line":68,"column":22}},"68":{"start":{"line":69,"column":0},"end":{"line":69,"column":5}},"69":{"start":{"line":70,"column":0},"end":{"line":70,"column":3}},"70":{"start":{"line":71,"column":0},"end":{"line":71,"column":13}},"71":{"start":{"line":72,"column":0},"end":{"line":72,"column":1}},"73":{"start":{"line":74,"column":0},"end":{"line":74,"column":35}},"74":{"start":{"line":75,"column":0},"end":{"line":75,"column":32}},"75":{"start":{"line":76,"column":0},"end":{"line":76,"column":23}},"76":{"start":{"line":77,"column":0},"end":{"line":77,"column":42}},"77":{"start":{"line":78,"column":0},"end":{"line":78,"column":10}},"78":{"start":{"line":79,"column":0},"end":{"line":79,"column":71}},"79":{"start":{"line":80,"column":0},"end":{"line":80,"column":55}},"80":{"start":{"line":81,"column":0},"end":{"line":81,"column":55}},"81":{"start":{"line":82,"column":0},"end":{"line":82,"column":61}},"82":{"start":{"line":83,"column":0},"end":{"line":83,"column":71}},"83":{"start":{"line":84,"column":0},"end":{"line":84,"column":68}},"84":{"start":{"line":85,"column":0},"end":{"line":85,"column":77}},"85":{"start":{"line":86,"column":0},"end":{"line":86,"column":68}},"86":{"start":{"line":87,"column":0},"end":{"line":87,"column":16}},"87":{"start":{"line":88,"column":0},"end":{"line":88,"column":62}},"88":{"start":{"line":89,"column":0},"end":{"line":89,"column":26}},"89":{"start":{"line":90,"column":0},"end":{"line":90,"column":13}},"90":{"start":{"line":91,"column":0},"end":{"line":91,"column":27}},"91":{"start":{"line":92,"column":0},"end":{"line":92,"column":45}},"92":{"start":{"line":93,"column":0},"end":{"line":93,"column":46}},"93":{"start":{"line":94,"column":0},"end":{"line":94,"column":28}},"94":{"start":{"line":95,"column":0},"end":{"line":95,"column":46}},"95":{"start":{"line":96,"column":0},"end":{"line":96,"column":47}},"96":{"start":{"line":97,"column":0},"end":{"line":97,"column":25}},"97":{"start":{"line":98,"column":0},"end":{"line":98,"column":43}},"98":{"start":{"line":99,"column":0},"end":{"line":99,"column":44}},"99":{"start":{"line":100,"column":0},"end":{"line":100,"column":59}},"100":{"start":{"line":101,"column":0},"end":{"line":101,"column":57}},"101":{"start":{"line":102,"column":0},"end":{"line":102,"column":18}},"102":{"start":{"line":103,"column":0},"end":{"line":103,"column":68}},"103":{"start":{"line":104,"column":0},"end":{"line":104,"column":21}},"104":{"start":{"line":105,"column":0},"end":{"line":105,"column":74}},"105":{"start":{"line":106,"column":0},"end":{"line":106,"column":20}},"106":{"start":{"line":107,"column":0},"end":{"line":107,"column":72}},"107":{"start":{"line":108,"column":0},"end":{"line":108,"column":29}},"108":{"start":{"line":109,"column":0},"end":{"line":109,"column":48}},"109":{"start":{"line":110,"column":0},"end":{"line":110,"column":48}},"110":{"start":{"line":111,"column":0},"end":{"line":111,"column":74}},"111":{"start":{"line":112,"column":0},"end":{"line":112,"column":74}},"112":{"start":{"line":113,"column":0},"end":{"line":113,"column":24}},"113":{"start":{"line":114,"column":0},"end":{"line":114,"column":7}},"114":{"start":{"line":115,"column":0},"end":{"line":115,"column":14}},"115":{"start":{"line":116,"column":0},"end":{"line":116,"column":45}},"116":{"start":{"line":117,"column":0},"end":{"line":117,"column":54}},"117":{"start":{"line":118,"column":0},"end":{"line":118,"column":13}},"118":{"start":{"line":119,"column":0},"end":{"line":119,"column":44}},"119":{"start":{"line":120,"column":0},"end":{"line":120,"column":53}},"120":{"start":{"line":121,"column":0},"end":{"line":121,"column":8}},"121":{"start":{"line":122,"column":0},"end":{"line":122,"column":7}},"122":{"start":{"line":123,"column":0},"end":{"line":123,"column":14}},"123":{"start":{"line":124,"column":0},"end":{"line":124,"column":45}},"124":{"start":{"line":125,"column":0},"end":{"line":125,"column":54}},"125":{"start":{"line":126,"column":0},"end":{"line":126,"column":13}},"126":{"start":{"line":127,"column":0},"end":{"line":127,"column":44}},"127":{"start":{"line":128,"column":0},"end":{"line":128,"column":53}},"128":{"start":{"line":129,"column":0},"end":{"line":129,"column":8}},"129":{"start":{"line":130,"column":0},"end":{"line":130,"column":7}},"130":{"start":{"line":131,"column":0},"end":{"line":131,"column":14}},"131":{"start":{"line":132,"column":0},"end":{"line":132,"column":45}},"132":{"start":{"line":133,"column":0},"end":{"line":133,"column":54}},"133":{"start":{"line":134,"column":0},"end":{"line":134,"column":13}},"134":{"start":{"line":135,"column":0},"end":{"line":135,"column":44}},"135":{"start":{"line":136,"column":0},"end":{"line":136,"column":53}},"136":{"start":{"line":137,"column":0},"end":{"line":137,"column":8}},"137":{"start":{"line":138,"column":0},"end":{"line":138,"column":6}},"138":{"start":{"line":139,"column":0},"end":{"line":139,"column":21}},"139":{"start":{"line":140,"column":0},"end":{"line":140,"column":7}},"140":{"start":{"line":141,"column":0},"end":{"line":141,"column":14}},"141":{"start":{"line":142,"column":0},"end":{"line":142,"column":42}},"142":{"start":{"line":143,"column":0},"end":{"line":143,"column":51}},"143":{"start":{"line":144,"column":0},"end":{"line":144,"column":14}},"144":{"start":{"line":145,"column":0},"end":{"line":145,"column":42}},"145":{"start":{"line":146,"column":0},"end":{"line":146,"column":51}},"146":{"start":{"line":147,"column":0},"end":{"line":147,"column":8}},"147":{"start":{"line":148,"column":0},"end":{"line":148,"column":7}},"148":{"start":{"line":149,"column":0},"end":{"line":149,"column":14}},"149":{"start":{"line":150,"column":0},"end":{"line":150,"column":42}},"150":{"start":{"line":151,"column":0},"end":{"line":151,"column":51}},"151":{"start":{"line":152,"column":0},"end":{"line":152,"column":14}},"152":{"start":{"line":153,"column":0},"end":{"line":153,"column":42}},"153":{"start":{"line":154,"column":0},"end":{"line":154,"column":51}},"154":{"start":{"line":155,"column":0},"end":{"line":155,"column":8}},"155":{"start":{"line":156,"column":0},"end":{"line":156,"column":6}},"156":{"start":{"line":157,"column":0},"end":{"line":157,"column":3}},"157":{"start":{"line":158,"column":0},"end":{"line":158,"column":1}},"159":{"start":{"line":160,"column":0},"end":{"line":160,"column":54}},"160":{"start":{"line":161,"column":0},"end":{"line":161,"column":44}},"161":{"start":{"line":162,"column":0},"end":{"line":162,"column":46}},"162":{"start":{"line":163,"column":0},"end":{"line":163,"column":45}},"163":{"start":{"line":164,"column":0},"end":{"line":164,"column":47}},"164":{"start":{"line":165,"column":0},"end":{"line":165,"column":57}},"165":{"start":{"line":166,"column":0},"end":{"line":166,"column":48}},"166":{"start":{"line":167,"column":0},"end":{"line":167,"column":1}},"169":{"start":{"line":170,"column":0},"end":{"line":170,"column":49}},"170":{"start":{"line":171,"column":0},"end":{"line":171,"column":50}},"171":{"start":{"line":172,"column":0},"end":{"line":172,"column":35}},"172":{"start":{"line":173,"column":0},"end":{"line":173,"column":55}},"173":{"start":{"line":174,"column":0},"end":{"line":174,"column":1}},"175":{"start":{"line":176,"column":0},"end":{"line":176,"column":30}},"176":{"start":{"line":177,"column":0},"end":{"line":177,"column":9}},"177":{"start":{"line":178,"column":0},"end":{"line":178,"column":30}},"178":{"start":{"line":179,"column":0},"end":{"line":179,"column":19}},"179":{"start":{"line":180,"column":0},"end":{"line":180,"column":25}},"180":{"start":{"line":181,"column":0},"end":{"line":181,"column":23}},"181":{"start":{"line":182,"column":0},"end":{"line":182,"column":50}},"182":{"start":{"line":183,"column":0},"end":{"line":183,"column":10}},"183":{"start":{"line":184,"column":0},"end":{"line":184,"column":18}},"184":{"start":{"line":185,"column":0},"end":{"line":185,"column":26}},"185":{"start":{"line":186,"column":0},"end":{"line":186,"column":31}},"186":{"start":{"line":187,"column":0},"end":{"line":187,"column":49}},"187":{"start":{"line":188,"column":0},"end":{"line":188,"column":64}},"188":{"start":{"line":189,"column":0},"end":{"line":189,"column":28}},"189":{"start":{"line":190,"column":0},"end":{"line":190,"column":18}},"190":{"start":{"line":191,"column":0},"end":{"line":191,"column":47}},"191":{"start":{"line":192,"column":0},"end":{"line":192,"column":31}},"192":{"start":{"line":193,"column":0},"end":{"line":193,"column":3}},"193":{"start":{"line":194,"column":0},"end":{"line":194,"column":1}},"195":{"start":{"line":196,"column":0},"end":{"line":196,"column":55}},"196":{"start":{"line":197,"column":0},"end":{"line":197,"column":46}},"197":{"start":{"line":198,"column":0},"end":{"line":198,"column":48}},"198":{"start":{"line":199,"column":0},"end":{"line":199,"column":30}},"199":{"start":{"line":200,"column":0},"end":{"line":200,"column":10}},"200":{"start":{"line":201,"column":0},"end":{"line":201,"column":28}},"201":{"start":{"line":202,"column":0},"end":{"line":202,"column":29}},"202":{"start":{"line":203,"column":0},"end":{"line":203,"column":56}},"203":{"start":{"line":204,"column":0},"end":{"line":204,"column":39}},"204":{"start":{"line":205,"column":0},"end":{"line":205,"column":48}},"205":{"start":{"line":206,"column":0},"end":{"line":206,"column":15}},"206":{"start":{"line":207,"column":0},"end":{"line":207,"column":33}},"207":{"start":{"line":208,"column":0},"end":{"line":208,"column":17}},"208":{"start":{"line":209,"column":0},"end":{"line":209,"column":33}},"209":{"start":{"line":210,"column":0},"end":{"line":210,"column":33}},"210":{"start":{"line":211,"column":0},"end":{"line":211,"column":17}},"211":{"start":{"line":212,"column":0},"end":{"line":212,"column":31}},"212":{"start"
[...]
{"start":{"line":65,"column":35},"end":{"line":65,"column":65}},"locations":[{"start":{"line":65,"column":35},"end":{"line":65,"column":65}}]},"12":{"type":"branch","line":68,"loc":{"start":{"line":68,"column":13},"end":{"line":68,"column":22}},"locations":[{"start":{"line":68,"column":13},"end":{"line":68,"column":22}}]},"13":{"type":"branch","line":70,"loc":{"start":{"line":70,"column":2},"end":{"line":72,"column":1}},"locations":[{"start":{"line":70,"column":2},"end":{"line":72,"column":1}}]},"14":{"type":"branch","line":74,"loc":{"start":{"line":74,"column":7},"end":{"line":158,"column":1}},"locations":[{"start":{"line":74,"column":7},"end":{"line":158,"column":1}}]},"15":{"type":"branch","line":77,"loc":{"start":{"line":77,"column":12},"end":{"line":79,"column":38}},"locations":[{"start":{"line":77,"column":12},"end":{"line":79,"column":38}}]},"16":{"type":"branch","line":77,"loc":{"start":{"line":77,"column":12},"end":{"line":77,"column":42}},"locations":[{"start":{"line":77,"column":12},"end":{"line":77,"column":42}}]},"17":{"type":"branch","line":77,"loc":{"start":{"line":77,"column":41},"end":{"line":79,"column":33}},"locations":[{"start":{"line":77,"column":41},"end":{"line":79,"column":33}}]},"18":{"type":"branch","line":79,"loc":{"start":{"line":79,"column":20},"end":{"line":79,"column":38}},"locations":[{"start":{"line":79,"column":20},"end":{"line":79,"column":38}}]},"19":{"type":"branch","line":79,"loc":{"start":{"line":79,"column":38},"end":{"line":79,"column":71}},"locations":[{"start":{"line":79,"column":38},"end":{"line":79,"column":71}}]},"20":{"type":"branch","line":80,"loc":{"start":{"line":80,"column":15},"end":{"line":80,"column":27}},"locations":[{"start":{"line":80,"column":15},"end":{"line":80,"column":27}}]},"21":{"type":"branch","line":80,"loc":{"start":{"line":80,"column":27},"end":{"line":80,"column":55}},"locations":[{"start":{"line":80,"column":27},"end":{"line":80,"column":55}}]},"22":{"type":"branch","line":81,"loc":{"start":{"line":81,"column":15},"end":{"line":81,"column":27}},"locations":[{"start":{"line":81,"column":15},"end":{"line":81,"column":27}}]},"23":{"type":"branch","line":81,"loc":{"start":{"line":81,"column":27},"end":{"line":81,"column":55}},"locations":[{"start":{"line":81,"column":27},"end":{"line":81,"column":55}}]},"24":{"type":"branch","line":82,"loc":{"start":{"line":82,"column":17},"end":{"line":82,"column":31}},"locations":[{"start":{"line":82,"column":17},"end":{"line":82,"column":31}}]},"25":{"type":"branch","line":82,"loc":{"start":{"line":82,"column":31},"end":{"line":82,"column":61}},"locations":[{"start":{"line":82,"column":31},"end":{"line":82,"column":61}}]},"26":{"type":"branch","line":83,"loc":{"start":{"line":83,"column":20},"end":{"line":83,"column":38}},"locations":[{"start":{"line":83,"column":20},"end":{"line":83,"column":38}}]},"27":{"type":"branch","line":83,"loc":{"start":{"line":83,"column":38},"end":{"line":83,"column":71}},"locations":[{"start":{"line":83,"column":38},"end":{"line":83,"column":71}}]},"28":{"type":"branch","line":84,"loc":{"start":{"line":84,"column":19},"end":{"line":84,"column":36}},"locations":[{"start":{"line":84,"column":19},"end":{"line":84,"column":36}}]},"29":{"type":"branch","line":84,"loc":{"start":{"line":84,"column":36},"end":{"line":84,"column":68}},"locations":[{"start":{"line":84,"column":36},"end":{"line":84,"column":68}}]},"30":{"type":"branch","line":85,"loc":{"start":{"line":85,"column":22},"end":{"line":85,"column":42}},"locations":[{"start":{"line":85,"column":22},"end":{"line":85,"column":42}}]},"31":{"type":"branch","line":85,"loc":{"start":{"line":85,"column":42},"end":{"line":85,"column":77}},"locations":[{"start":{"line":85,"column":42},"end":{"line":85,"column":77}}]},"32":{"type":"branch","line":86,"loc":{"start":{"line":86,"column":19},"end":{"line":86,"column":36}},"locations":[{"start":{"line":86,"column":19},"end":{"line":86,"column":36}}]},"33":{"type":"branch","line":86,"loc":{"start":{"line":86,"column":36},"end":{"line":86,"column":68}},"locations":[{"start":{"line":86,"column":36},"end":{"line":86,"column":68}}]},"34":{"type":"branch","line":88,"loc":{"start":{"line":88,"column":10},"end":{"line":88,"column":62}},"locations":[{"start":{"line":88,"column":10},"end":{"line":88,"column":62}}]},"35":{"type":"branch","line":88,"loc":{"start":{"line":88,"column":54},"end":{"line":89,"column":26}},"locations":[{"start":{"line":88,"column":54},"end":{"line":89,"column":26}}]},"36":{"type":"branch","line":89,"loc":{"start":{"line":89,"column":14},"end":{"line":90,"column":13}},"locations":[{"start":{"line":89,"column":14},"end":{"line":90,"column":13}}]},"37":{"type":"branch","line":92,"loc":{"start":{"line":92,"column":10},"end":{"line":92,"column":41}},"locations":[{"start":{"line":92,"column":10},"end":{"line":92,"column":41}}]},"38":{"type":"branch","line":92,"loc":{"start":{"line":92,"column":41},"end":{"line":93,"column":46}},"locations":[{"start":{"line":92,"column":41},"end":{"line":93,"column":46}}]},"39":{"type":"branch","line":95,"loc":{"start":{"line":95,"column":10},"end":{"line":95,"column":42}},"locations":[{"start":{"line":95,"column":10},"end":{"line":95,"column":42}}]},"40":{"type":"branch","line":95,"loc":{"start":{"line":95,"column":42},"end":{"line":96,"column":47}},"locations":[{"start":{"line":95,"column":42},"end":{"line":96,"column":47}}]},"41":{"type":"branch","line":98,"loc":{"start":{"line":98,"column":10},"end":{"line":98,"column":39}},"locations":[{"start":{"line":98,"column":10},"end":{"line":98,"column":39}}]},"42":{"type":"branch","line":98,"loc":{"start":{"line":98,"column":39},"end":{"line":99,"column":44}},"locations":[{"start":{"line":98,"column":39},"end":{"line":99,"column":44}}]},"43":{"type":"branch","line":100,"loc":{"start":{"line":100,"column":26},"end":{"line":100,"column":51}},"locations":[{"start":{"line":100,"column":26},"end":{"line":100,"column":51}}]},"44":{"type":"branch","line":100,"loc":{"start":{"line":100,"column":51},"end":{"line":100,"column":59}},"locations":[{"start":{"line":100,"column":51},"end":{"line":100,"column":59}}]},"45":{"type":"branch","line":101,"loc":{"start":{"line":101,"column":25},"end":{"line":101,"column":49}},"locations":[{"start":{"line":101,"column":25},"end":{"line":101,"column":49}}]},"46":{"type":"branch","line":101,"loc":{"start":{"line":101,"column":49},"end":{"line":101,"column":57}},"locations":[{"start":{"line":101,"column":49},"end":{"line":101,"column":57}}]},"47":{"type":"branch","line":103,"loc":{"start":{"line":103,"column":10},"end":{"line":103,"column":32}},"locations":[{"start":{"line":103,"column":10},"end":{"line":103,"column":32}}]},"48":{"type":"branch","line":103,"loc":{"start":{"line":103,"column":32},"end":{"line":103,"column":68}},"locations":[{"start":{"line":103,"column":32},"end":{"line":103,"column":68}}]},"49":{"type":"branch","line":105,"loc":{"start":{"line":105,"column":10},"end":{"line":105,"column":35}},"locations":[{"start":{"line":105,"column":10},"end":{"line":105,"column":35}}]},"50":{"type":"branch","line":105,"loc":{"start":{"line":105,"column":35},"end":{"line":105,"column":74}},"locations":[{"start":{"line":105,"column":35},"end":{"line":105,"column":74}}]},"51":{"type":"branch","line":107,"loc":{"start":{"line":107,"column":10},"end":{"line":107,"column":34}},"locations":[{"start":{"line":107,"column":10},"end":{"line":107,"column":34}}]},"52":{"type":"branch","line":107,"loc":{"start":{"line":107,"column":34},"end":{"line":107,"column":72}},"locations":[{"start":{"line":107,"column":34},"end":{"line":107,"column":72}}]},"53":{"type":"branch","line":109,"loc":{"start":{"line":109,"column":10},"end":{"line":109,"column":44}},"locations":[{"start":{"line":109,"column":10},"end":{"line":109,"column":44}}]},"54":{"type":"branch","line":109,"loc":{"start":{"line":109,"column":44},"end":{"line":110,"column":48}},"locations":[{"start":{"line":109,"column":44},"end":{"line":110,"column":48}}]},"55":{"type":"branch","line":116,"loc":{"start":{"line":116,"column":14},"end":{"line":116,"column":41}},"locations":[{"start":{"line":116,"column":14},"end":{"line":116,"column":41}}]},"56":{"type":"branch","line":116,"loc":{"start":{"line":116,"column":41},"end":{"line":117,"column":54}},"locations":[{"start":{"line":116,"column":41},"end":{"line":117,"column":54}}]},"57":{"type":"branch","line":119,"loc":{"start":{"line":119,"column":14},"end":{"line":119,"column":40}},"locations":[{"start":{"line":119,"column":14},"end":{"line":119,"column":40}}]},"58":{"type":"branch","line":119,"loc":{"start":{"line":119,"column":40},"end":{"line":120,"column":53}},"locations":[{"start":{"line":119,"column":40},"end":{"line":120,"column":53}}]},"59":{"type":"branch","line":124,"loc":{"start":{"line":124,"column":14},"end":{"line":124,"column":41}},"locations":[{"start":{"line":124,"column":14},"end":{"line":124,"column":41}}]},"60":{"type":"branch","line":124,"loc":{"start":{"line":124,"column":41},"end":{"line":125,"column":54}},"locations":[{"start":{"line":124,"column":41},"end":{"line":125,"column":54}}]},"61":{"type":"branch","line":127,"loc":{"start":{"line":127,"column":14},"end":{"line":127,"column":40}},"locations":[{"start":{"line":127,"column":14},"end":{"line":127,"column":40}}]},"62":{"type":"branch","line":127,"loc":{"start":{"line":127,"column":40},"end":{"line":128,"column":53}},"locations":[{"start":{"line":127,"column":40},"end":{"line":128,"column":53}}]},"63":{"type":"branch","line":132,"loc":{"start":{"line":132,"column":14},"end":{"line":132,"column":41}},"locations":[{"start":{"line":132,"column":14},"end":{"line":132,"column":41}}]},"64":{"type":"branch","line":132,"loc":{"start":{"line":132,"column":41},"end":{"line":133,"column":54}},"locations":[{"start":{"line":132,"column":41},"end":{"line":133,"column":54}}]},"65":{"type":"branch","line":135,"loc":{"start":{"line":135,"column":14},"end":{"line":135,"column":40}},"locations":[{"start":{"line":135,"column":14},"end":{"line":135,"column":40}}]},"66":{"type":"branch","line":135,"loc":{"start":{"line":135,"column":40},"end":{"line":136,"column":53}},"locations":[{"start":{"line":135,"column":40},"end":{"line":136,"column":53}}]},"67":{"type":"branch","line":142,"loc":{"start":{"line":142,"column":14},"end":{"line":142,"column":38}},"locations":[{"start":{"line":142,"column":14},"end":{"line":142,"column":38}}]},"68":{"type":"branch","line":142,"loc":{"start":{"line":142,"column":38},"end":{"line":143,"column":51}},"locations":[{"start":{"line":142,"column":38},"end":{"line":143,"column":51}}]},"69":{"type":"branch","line":145,"loc":{"start":{"line":145,"column":14},"end":{"line":145,"column":38}},"locations":[{"start":{"line":145,"column":14},"end":{"line":145,"column":38}}]},"70":{"type":"branch","line":145,"loc":{"start":{"line":145,"column":38},"end":{"line":146,"column":51}},"locations":[{"start":{"line":145,"column":38},"end":{"line":146,"column":51}}]},"71":{"type":"branch","line":150,"loc":{"start":{"line":150,"column":14},"end":{"line":150,"column":38}},"locations":[{"start":{"line":150,"column":14},"end":{"line":150,"column":38}}]},"72":{"type":"branch","line":150,"loc":{"start":{"line":150,"column":38},"end":{"line":151,"column":51}},"locations":[{"start":{"line":150,"column":38},"end":{"line":151,"column":51}}]},"73":{"type":"branch","line":153,"loc":{"start":{"line":153,"column":14},"end":{"line":153,"column":38}},"locations":[{"start":{"line":153,"column":14},"end":{"line":153,"column":38}}]},"74":{"type":"branch","line":153,"loc":{"start":{"line":153,"column":38},"end":{"line":154,"column":51}},"locations":[{"start":{"line":153,"column":38},"end":{"line":154,"column":51}}]},"75":{"type":"branch","line":160,"loc":{"start":{"line":160,"column":7},"end":{"line":167,"column":1}},"locations":[{"start":{"line":160,"column":7},"end":{"line":167,"column":1}}]},"76":{"type":"branch","line":161,"loc":{"start":{"line":161,"column":7},"end":{"line":161,"column":35}},"locations":[{"start":{"line":161,"column":7},"end":{"line":161,"column":35}}]},"77":{"type":"branch","line":161,"loc":{"start":{"line":161,"column":35},"end":{"line":162,"column":36}},"locations":[{"start":{"line":161,"column":35},"end":{"line":162,"column":36}}]},"78":{"type":"branch","line":161,"loc":{"start":{"line":161,"column":35},"end":{"line":161,"column":44}},"locations":[{"start":{"line":161,"column":35},"end":{"line":161,"column":44}}]},"79":{"type":"branch","line":161,"loc":{"start":{"line":161,"column":42},"end":{"line":162,"column":36}},"locations":[{"start":{"line":161,"column":42},"end":{"line":162,"column":36}}]},"80":{"type":"branch","line":162,"loc":{"start":{"line":162,"column":22},"end":{"line":162,"column":38}},"locations":[{"start":{"line":162,"column":22},"end":{"line":162,"column":38}}]},"81":{"type":"branch","line":163,"loc":{"start":{"line":163,"column":22},"end":{"line":163,"column":37}},"locations":[{"start":{"line":163,"column":22},"end":{"line":163,"column":37}}]},"82":{"type":"branch","line":164,"loc":{"start":{"line":164,"column":22},"end":{"line":164,"column":39}},"locations":[{"start":{"line":164,"column":22},"end":{"line":164,"column":39}}]},"83":{"type":"branch","line":166,"loc":{"start":{"line":166,"column":9},"end":{"line":166,"column":48}},"locations":[{"start":{"line":166,"column":9},"end":{"line":166,"column":48}}]},"84":{"type":"branch","line":170,"loc":{"start":{"line":170,"column":7},"end":{"line":174,"column":1}},"locations":[{"start":{"line":170,"column":7},"end":{"line":174,"column":1}}]},"85":{"type":"branch","line":171,"loc":{"start":{"line":171,"column":7},"end":{"line":171,"column":39}},"locations":[{"start":{"line":171,"column":7},"end":{"line":171,"column":39}}]},"86":{"type":"branch","line":171,"loc":{"start":{"line":171,"column":39},"end":{"line":172,"column":27}},"locations":[{"start":{"line":171,"column":39},"end":{"line":172,"column":27}}]},"87":{"type":"branch","line":171,"loc":{"start":{"line":171,"column":39},"end":{"line":171,"column":50}},"locations":[{"start":{"line":171,"column":39},"end":{"line":171,"column":50}}]},"88":{"type":"branch","line":172,"loc":{"start":{"line":172,"column":16},"end":{"line":172,"column":35}},"locations":[{"start":{"line":172,"column":16},"end":{"line":172,"column":35}}]},"89":{"type":"branch","line":173,"loc":{"start":{"line":173,"column":22},"end":{"line":173,"column":47}},"locations":[{"start":{"line":173,"column":22},"end":{"line":173,"column":47}}]},"90":{"type":"branch","line":173,"loc":{"start":{"line":173,"column":40},"end":{"line":173,"column":51}},"locations":[{"start":{"line":173,"column":40},"end":{"line":173,"column":51}}]},"91":{"type":"branch","line":173,"loc":{"start":{"line":173,"column":47},"end":{"line":173,"column":55}},"locations":[{"start":{"line":173,"column":47},"end":{"line":173,"column":55}}]},"92":{"type":"branch","line":176,"loc":{"start":{"line":176,"column":7},"end":{"line":194,"column":1}},"locations":[{"start":{"line":176,"column":7},"end":{"line":194,"column":1}}]},"93":{"type":"branch","line":182,"loc":{"start":{"line":182,"column":32},"end":{"line":182,"column":50}},"locations":[{"start":{"line":182,"column":32},"end":{"line":182,"column":50}}]},"94":{"type":"branch","line":186,"loc":{"start":{"line":186,"column":19},"end":{"line":186,"column":31}},"locations":[{"start":{"line":186,"column":19},"end":{"line":186,"column":31}}]},"95":{"type":"branch","line":187,"loc":{"start":{"line":187,"column":24},"end":{"line":187,"column":49}},"locations":[{"start":{"line":187,"column":24},"end":{"line":187,"column":49}}]},"96":{"type":"branch","line":191,"loc":{"start":{"line":191,"column":39},"end":{"line":191,"column":47}},"locations":[{"start":{"line":191,"column":39},"end":{"line":191,"column":47}}]},"97":{"type":"branch","line":196,"loc":{"start":{"line":196,"column":7},"end":{"line":214,"column":1}},"locations":[{"start":{"line":196,"column":7},"end":{"line":214,"column":1}}]},"98":{"type":"branch","line":197,"loc":{"start":{"line":197,"column":24},"end":{"line":197,"column":45}},"locations":[{"start":{"line":197,"column":24},"end":{"line":197,"column":45}}]},"99":{"type":"branch","line":198,"loc":{"start":{"line":198,"column":24},"end":{"line":198,"column":47}},"locations":[{"start":{"line":198,"column":24},"end":{"line":198,"column":47}}]},"100":{"type":"branch","line":202,"loc":{"start":{"line":202,"column":14},"end":{"line":202,"column":29}},"locations":[{"start":{"line":202,"column":14},"end":{"line":202,"column":29}}]},"101":{"type":"branch","line":203,"loc":{"start":{"line":203,"column":41},"end":{"line":203,"column":56}},"locations":[{"start":{"line":203,"column":41},"end":{"line":203,"column":56}}]},"102":{"type":"branch","line":204,"loc":{"start":{"line":204,"column":19},"end":{"line":204,"column":39}},"locations":[{"start":{"line":204,"column":19},"end":{"line":204,"column":39}}]},"103":{"type":"branch","line":205,"loc":{"start":{"line":205,"column":40},"end":{"line":205,"column":48}},"locations":[{"start":{"line":205,"column":40},"end":{"line":205,"column":48}}]},"104":{"type":"branch","line":207,"loc":{"start":{"line":207,"column":25},"end":{"line":208,"column":17}},"locations":[{"start":{"line":207,"column":25},"end":{"line":208,"column":17}}]},"105":{"type":"branch","line":208,"loc":{"start":{"line":208,"column":10},"end":{"line":211,"column":17}},"locations":[{"start":{"line":208,"column":10},"end":{"line":211,"column":17}}]},"106":{"type":"branch","line":209,"loc":{"start":{"line":209,"column":29},"end":{"line":210,"column":33}},"locations":[{"start":{"line":209,"column":29},"end":{"line":210,"column":33}}]},"107":{"type":"branch","line":210,"loc":{"start":{"line":210,"column":32},"end":{"line":211,"column":17}},"locations":[{"start":{"line":210,"column":32},"end":{"line":211,"column":17}}]}},"b":{"0":[40],"1":[19],"2":[30],"3":[21],"4":[19],"5":[1],"6":[2],"7":[12],"8":[2],"9":[0],"10":[0],"11":[0],"12":[1],"13":[0],"14":[18],"15":[16],"16":[3],"17":[15],"18":[11],"19":[4],"20":[11],"21":[4],"22":[10],"23":[5],"24":[10],"25":[5],"26":[10],"27":[5],"28":[10],"29":[5],"30":[10],"31":[5],"32":[10],"33":[5],"34":[1],"35":[0],"36":[15],"37":[0],"38":[15],"39":[0],"40":[15],"41":[0],"42":[15],"43":[0],"44":[15],"45":[0],"46":[15],"47":[0],"48":[15],"49":[0],"50":[15],"51":[0],"52":[15],"53":[0],"54":[15],"55":[0],"56":[15],"57":[0],"58":[15],"59":[0],"60":[15],"61":[0],"62":[15],"63":[0],"64":[15],"65":[0],"66":[15],"67":[0],"68":[15],"69":[0],"70":[15],"71":[0],"72":[15],"73":[0],"74":[15],"75":[34],"76":[25],"77":[30],"78":[9],"79":[25],"80":[0],"81":[0],"82":[24],"83":[0],"84":[34],"85":[26],"86":[26],"87":[8],"88":[1],"89":[25],"90":[25],"91":[1],"92":[10],"93":[1],"94":[1],"95":[1],"96":[2],"97":[12],"98":[4],"99":[4],"100":[0],"101":[4],"102":[2],"103":[4],"104":[10],"105":[2],"106":[1],"107":[1]},"fnMap":{"0":{"name":"normalizeDirectusAssetField","decl":{"start":{"line":57,"column":7},"end":{"line":72,"column":1}},"loc":{"start":{"line":57,"column":7},"end":{"line":72,"column":1}},"line":57},"1":{"name":"mergeSiteSettings","decl":{"start":{"line":74,"column":7},"end":{"line":158,"column":1}},"loc":{"start":{"line":74,"column":7},"end":{"line":158,"column":1}},"line":74},"2":{"name":"joinUserName","decl":{"start":{"line":160,"column":7},"end":{"line":167,"column":1}},"loc":{"start":{"line":160,"column":7},"end":{"line":167,"column":1}},"line":160},"3":{"name":"pickUser","decl":{"start":{"line":170,"column":7},"end":{"line":174,"column":1}},"loc":{"start":{"line":170,"column":7},"end":{"line":174,"column":1}},"line":170},"4":{"name":"mapDoctorRow","decl":{"start":{"line":176,"column":7},"end":{"line":194,"column":1}},"loc":{"start":{"line":176,"column":7},"end":{"line":194,"column":1}},"line":176},"5":{"name":"mapReviewRow","decl":{"start":{"line":196,"column":7},"end":{"line":214,"column":1}},"loc":{"start":{"line":196,"column":7},"end":{"line":214,"column":1}},"line":196}},"f":{"0":40,"1":18,"2":34,"3":34,"4":10,"5":12}}
}
